2024-04-19 06:58:13 - 8541ece4-ca08-4562-b00a-fdc3618f0d88 - error: WHERE parameter "email" has invalid "undefined" value 
2024-04-19 06:58:20 - f8ce8d1d-a28e-48ab-91f2-4e7fbe19f85b - error: userAdd userController Error @ Error: 	WHERE parameter "email" has invalid "undefined" value 
2024-04-19 06:58:41 - 497cd690-67e9-4e1b-a49e-44a69db2308d - error: WHERE parameter "email" has invalid "undefined" value 
2024-04-19 06:58:41 - 78612c32-8804-4dc6-9b39-56062a5f3e06 - error: userAdd userController Error @ Error: 	WHERE parameter "email" has invalid "undefined" value 
2024-04-19 06:59:40 - 2140fcbc-c10d-4f3a-9ecc-85ef6ea9a8f9 - error: WHERE parameter "email" has invalid "undefined" value 
2024-04-19 07:01:47 - e1f46376-507d-40b8-b58b-04b93b6b891d - error: WHERE parameter "email" has invalid "undefined" value 
2024-04-19 07:01:53 - 1eed5245-fb2a-4285-8b52-bd691935d0cf - error: userAdd userController Error @ Error: 	WHERE parameter "email" has invalid "undefined" value 
2024-04-19 07:02:25 - 8762e4f6-4c93-4b25-bd9b-e9c0075fa29a - error: WHERE parameter "email" has invalid "undefined" value 
2024-04-19 07:02:25 - c3e4b1b8-3ca5-4e9b-b9ed-818aac484a8d - error: userAdd userController Error @ Error: 	WHERE parameter "email" has invalid "undefined" value 
2024-04-19 07:02:50 - 702b8eeb-d019-4d29-aea3-3678a7629ff2 - error: WHERE parameter "email" has invalid "undefined" value 
2024-04-19 07:02:50 - 8332e549-3b3a-43a7-a43d-77c9c2623cb3 - error: userAdd userController Error @ Error: 	WHERE parameter "email" has invalid "undefined" value 
2024-04-19 07:03:56 - 58f0b9be-31d8-46cc-a625-ebf3d44ae053 - error: WHERE parameter "email" has invalid "undefined" value 
2024-04-19 07:03:59 - 59299c8c-cea2-4c8c-b803-45b4a3d60662 - error: userAdd userController Error @ Error: 	WHERE parameter "email" has invalid "undefined" value 
2024-04-19 07:08:48 - 33d98597-7225-40b4-a84b-3dfe67759c61 - error: WHERE parameter "email" has invalid "undefined" value 
2024-04-19 07:08:48 - c9f3ba8e-dfdd-4ab8-ad86-26d8fba3e8b0 - error: userAdd userController Error @ Error: 	WHERE parameter "email" has invalid "undefined" value 
2024-04-19 12:08:45 - 3aaa9fa1-7c46-4a78-966f-3693a817fef8 - error: Cannot read properties of undefined (reading 'email') 
2024-04-19 12:08:45 - 309bc4b0-9ada-45cb-82a7-39b78b6f8504 - error: userAdd userController Error @ Error: 	Cannot read properties of undefined (reading 'email') 
2024-04-19 12:08:51 - fe00b6c2-52b3-4975-99fc-4c79d849f18f - error: Cannot read properties of undefined (reading 'email') 
2024-04-19 12:08:51 - b0a848c7-baa4-40fd-a5ae-8b5e6eaf06a6 - error: userAdd userController Error @ Error: 	Cannot read properties of undefined (reading 'email') 
2024-04-19 12:09:03 - 78b03ddd-81ca-455b-a28a-78eb1cf98a4b - error: Cannot read properties of undefined (reading 'email') 
2024-04-19 12:09:03 - 9dc63260-f98b-432d-ba96-c52f280d3928 - error: userAdd userController Error @ Error: 	Cannot read properties of undefined (reading 'email') 
2024-04-19 12:09:19 - 100035b1-7f0f-4063-80a4-a2341db77658 - error: Cannot read properties of undefined (reading 'email') 
2024-04-19 12:13:28 - fd662660-ab4f-4af5-9c7d-8f0833e4b5d4 - error: Cannot read properties of undefined (reading 'email') 
2024-04-19 12:13:28 - fccf1f2c-3239-4516-a8ad-535a34ed9086 - error: userAdd userController Error @ Error: 	Cannot read properties of undefined (reading 'email') 
2024-04-19 12:16:24 - 02807a53-7dda-4373-95ec-aba739824fd9 - error: Cannot read properties of undefined (reading 'email') 
2024-04-19 12:16:24 - 5122f0e7-d7a1-498f-85d9-aef78682b2b5 - error: userAdd userController Error @ Error: 	Cannot read properties of undefined (reading 'email') 
2024-04-19 12:29:50 - 5b8c2efa-6077-494d-9bbe-9c7a3f8ee33a - error: Cannot destructure property 'email' of 'data' as it is undefined. 
2024-04-19 12:29:50 - c05d2103-002b-4796-82fe-cd6187686e98 - error: userAdd userController Error @ Error: 	Cannot destructure property 'email' of 'data' as it is undefined. 
2024-04-19 12:29:56 - 69341ae6-2127-44d7-89ab-a55e9dc500cb - error: Cannot destructure property 'email' of 'data' as it is undefined. 
2024-04-19 12:29:56 - cafab1b5-8b31-4774-90c3-4493203e1c88 - error: userAdd userController Error @ Error: 	Cannot destructure property 'email' of 'data' as it is undefined. 
2024-04-19 13:28:32 - 0a3d747b-b0c9-4b4b-8505-79e58074a46d - error: Cannot read properties of undefined (reading 'email') 
2024-04-19 13:28:32 - 2015d844-1942-4715-8471-c7bbc3767e98 - error: userAdd userController Error @ Error: 	Cannot read properties of undefined (reading 'email') 
2024-04-19 13:28:38 - da489b90-efe6-482c-a943-a290a577947d - error: Cannot read properties of undefined (reading 'email') 
2024-04-19 13:28:38 - 4ee0dfa3-38b6-481c-a481-c1f3418665c4 - error: userAdd userController Error @ Error: 	Cannot read properties of undefined (reading 'email') 
2024-04-19 13:28:50 - 2584477f-3b14-49b1-a54c-c2b41e1d217e - error: Cannot read properties of undefined (reading 'email') 
2024-04-19 13:28:50 - 6bec9d9b-ac7d-49c0-8c6e-12e524b4941e - error: userAdd userController Error @ Error: 	Cannot read properties of undefined (reading 'email') 
2024-04-19 13:29:03 - 59568974-4f67-49c1-aee2-883988b7bbdc - error: Cannot read properties of undefined (reading 'email') 
2024-04-19 13:29:03 - 79511643-b70d-4bc9-8f44-ce3c26b8200d - error: userAdd userController Error @ Error: 	Cannot read properties of undefined (reading 'email') 
2024-04-19 13:29:11 - b028d0af-e356-46bc-ba88-a425e729311e - error: Cannot read properties of undefined (reading 'email') 
2024-04-19 13:29:11 - 48ace2cc-4ba8-4074-92ad-f36b728b5ee9 - error: userAdd userController Error @ Error: 	Cannot read properties of undefined (reading 'email') 
