2024-04-17 04:23:09 - fd6948af-7bb0-4282-b7a2-583e69eb0264 - error: uncaughtException: Cannot read properties of undefined (reading 'apply')
TypeError: Cannot read properties of undefined (reading 'apply')
    at C:\Users\ditsd\Desktop\busTicketBooking\customer\node_modules\express\lib\router\index.js:646:15
    at next (C:\Users\ditsd\Desktop\busTicketBooking\customer\node_modules\express\lib\router\index.js:216:14)
    at Function.handle (C:\Users\ditsd\Desktop\busTicketBooking\customer\node_modules\express\lib\router\index.js:175:3)
    at router (C:\Users\ditsd\Desktop\busTicketBooking\customer\node_modules\express\lib\router\index.js:47:12)
    at Object.<anonymous> (C:\Users\ditsd\Desktop\busTicketBooking\customer\index.ts:8:7)
    at Module._compile (node:internal/modules/cjs/loader:1241:14)
    at Module.m._compile (C:\Users\ditsd\AppData\Roaming\nvm\v20.9.0\node_modules\ts-node\src\index.ts:1618:23)
    at Module._extensions..js (node:internal/modules/cjs/loader:1295:10)
    at Object.require.extensions.<computed> [as .ts] (C:\Users\ditsd\AppData\Roaming\nvm\v20.9.0\node_modules\ts-node\src\index.ts:1621:12)
    at Module.load (node:internal/modules/cjs/loader:1091:32) {
  "error": {},
  "stack": "TypeError: Cannot read properties of undefined (reading 'apply')\n    at C:\\Users\\ditsd\\Desktop\\busTicketBooking\\customer\\node_modules\\express\\lib\\router\\index.js:646:15\n    at next (C:\\Users\\ditsd\\Desktop\\busTicketBooking\\customer\\node_modules\\express\\lib\\router\\index.js:216:14)\n    at Function.handle (C:\\Users\\ditsd\\Desktop\\busTicketBooking\\customer\\node_modules\\express\\lib\\router\\index.js:175:3)\n    at router (C:\\Users\\ditsd\\Desktop\\busTicketBooking\\customer\\node_modules\\express\\lib\\router\\index.js:47:12)\n    at Object.<anonymous> (C:\\Users\\ditsd\\Desktop\\busTicketBooking\\customer\\index.ts:8:7)\n    at Module._compile (node:internal/modules/cjs/loader:1241:14)\n    at Module.m._compile (C:\\Users\\ditsd\\AppData\\Roaming\\nvm\\v20.9.0\\node_modules\\ts-node\\src\\index.ts:1618:23)\n    at Module._extensions..js (node:internal/modules/cjs/loader:1295:10)\n    at Object.require.extensions.<computed> [as .ts] (C:\\Users\\ditsd\\AppData\\Roaming\\nvm\\v20.9.0\\node_modules\\ts-node\\src\\index.ts:1621:12)\n    at Module.load (node:internal/modules/cjs/loader:1091:32)",
  "exception": true,
  "date": "Wed Apr 17 2024 09:53:09 GMT+0530 (India Standard Time)",
  "process": {
    "pid": 18772,
    "uid": null,
    "gid": null,
    "cwd": "C:\\Users\\ditsd\\Desktop\\busTicketBooking\\customer",
    "execPath": "C:\\Program Files\\nodejs\\node.exe",
    "version": "v20.9.0",
    "argv": [
      "C:\\Program Files\\nodejs\\node_modules\\ts-node\\dist\\bin.js",
      "C:\\Users\\ditsd\\Desktop\\busTicketBooking\\customer\\index.ts"
    ],
    "memoryUsage": {
      "rss": 215937024,
      "heapTotal": 169824256,
      "heapUsed": 149417496,
      "external": 5478625,
      "arrayBuffers": 2465345
    }
  },
  "os": {
    "loadavg": [
      0,
      0,
      0
    ],
    "uptime": 146836.203
  },
  "trace": [
    {
      "column": 15,
      "file": "C:\\Users\\ditsd\\Desktop\\busTicketBooking\\customer\\node_modules\\express\\lib\\router\\index.js",
      "function": null,
      "line": 646,
      "method": null,
      "native": false
    },
    {
      "column": 14,
      "file": "C:\\Users\\ditsd\\Desktop\\busTicketBooking\\customer\\node_modules\\express\\lib\\router\\index.js",
      "function": "next",
      "line": 216,
      "method": null,
      "native": false
    },
    {
      "column": 3,
      "file": "C:\\Users\\ditsd\\Desktop\\busTicketBooking\\customer\\node_modules\\express\\lib\\router\\index.js",
      "function": "Function.handle",
      "line": 175,
      "method": "handle",
      "native": false
    },
    {
      "column": 12,
      "file": "C:\\Users\\ditsd\\Desktop\\busTicketBooking\\customer\\node_modules\\express\\lib\\router\\index.js",
      "function": "router",
      "line": 47,
      "method": null,
      "native": false
    },
    {
      "column": 7,
      "file": "C:\\Users\\ditsd\\Desktop\\busTicketBooking\\customer\\index.ts",
      "function": null,
      "line": 8,
      "method": null,
      "native": false
    },
    {
      "column": 14,
      "file": "node:internal/modules/cjs/loader",
      "function": "Module._compile",
      "line": 1241,
      "method": "_compile",
      "native": false
    },
    {
      "column": 23,
      "file": "C:\\Users\\ditsd\\AppData\\Roaming\\nvm\\v20.9.0\\node_modules\\ts-node\\src\\index.ts",
      "function": "Module.m._compile",
      "line": 1618,
      "method": "_compile",
      "native": false
    },
    {
      "column": 10,
      "file": "node:internal/modules/cjs/loader",
      "function": "Module._extensions..js",
      "line": 1295,
      "method": ".js",
      "native": false
    },
    {
      "column": 12,
      "file": "C:\\Users\\ditsd\\AppData\\Roaming\\nvm\\v20.9.0\\node_modules\\ts-node\\src\\index.ts",
      "function": "Object.require.extensions.<computed> [as .ts]",
      "line": 1621,
      "method": "ts]",
      "native": false
    },
    {
      "column": 32,
      "file": "node:internal/modules/cjs/loader",
      "function": "Module.load",
      "line": 1091,
      "method": "load",
      "native": false
    }
  ]
}
2024-04-17 04:25:12 - 3e397f3a-4089-46fd-9065-a8f268b044c6 - error: uncaughtException: Cannot read properties of undefined (reading 'apply')
TypeError: Cannot read properties of undefined (reading 'apply')
    at C:\Users\ditsd\Desktop\busTicketBooking\customer\node_modules\express\lib\router\index.js:646:15
    at next (C:\Users\ditsd\Desktop\busTicketBooking\customer\node_modules\express\lib\router\index.js:216:14)
    at Function.handle (C:\Users\ditsd\Desktop\busTicketBooking\customer\node_modules\express\lib\router\index.js:175:3)
    at router (C:\Users\ditsd\Desktop\busTicketBooking\customer\node_modules\express\lib\router\index.js:47:12)
    at Object.<anonymous> (C:\Users\ditsd\Desktop\busTicketBooking\customer\index.ts:10:7)
    at Module._compile (node:internal/modules/cjs/loader:1241:14)
    at Module.m._compile (C:\Users\ditsd\AppData\Roaming\nvm\v20.9.0\node_modules\ts-node\src\index.ts:1618:23)
    at Module._extensions..js (node:internal/modules/cjs/loader:1295:10)
    at Object.require.extensions.<computed> [as .ts] (C:\Users\ditsd\AppData\Roaming\nvm\v20.9.0\node_modules\ts-node\src\index.ts:1621:12)
    at Module.load (node:internal/modules/cjs/loader:1091:32) {
  "error": {},
  "stack": "TypeError: Cannot read properties of undefined (reading 'apply')\n    at C:\\Users\\ditsd\\Desktop\\busTicketBooking\\customer\\node_modules\\express\\lib\\router\\index.js:646:15\n    at next (C:\\Users\\ditsd\\Desktop\\busTicketBooking\\customer\\node_modules\\express\\lib\\router\\index.js:216:14)\n    at Function.handle (C:\\Users\\ditsd\\Desktop\\busTicketBooking\\customer\\node_modules\\express\\lib\\router\\index.js:175:3)\n    at router (C:\\Users\\ditsd\\Desktop\\busTicketBooking\\customer\\node_modules\\express\\lib\\router\\index.js:47:12)\n    at Object.<anonymous> (C:\\Users\\ditsd\\Desktop\\busTicketBooking\\customer\\index.ts:10:7)\n    at Module._compile (node:internal/modules/cjs/loader:1241:14)\n    at Module.m._compile (C:\\Users\\ditsd\\AppData\\Roaming\\nvm\\v20.9.0\\node_modules\\ts-node\\src\\index.ts:1618:23)\n    at Module._extensions..js (node:internal/modules/cjs/loader:1295:10)\n    at Object.require.extensions.<computed> [as .ts] (C:\\Users\\ditsd\\AppData\\Roaming\\nvm\\v20.9.0\\node_modules\\ts-node\\src\\index.ts:1621:12)\n    at Module.load (node:internal/modules/cjs/loader:1091:32)",
  "exception": true,
  "date": "Wed Apr 17 2024 09:55:12 GMT+0530 (India Standard Time)",
  "process": {
    "pid": 16016,
    "uid": null,
    "gid": null,
    "cwd": "C:\\Users\\ditsd\\Desktop\\busTicketBooking\\customer",
    "execPath": "C:\\Program Files\\nodejs\\node.exe",
    "version": "v20.9.0",
    "argv": [
      "C:\\Program Files\\nodejs\\node_modules\\ts-node\\dist\\bin.js",
      "C:\\Users\\ditsd\\Desktop\\busTicketBooking\\customer\\index.ts"
    ],
    "memoryUsage": {
      "rss": 217800704,
      "heapTotal": 171397120,
      "heapUsed": 139555160,
      "external": 5470420,
      "arrayBuffers": 2457140
    }
  },
  "os": {
    "loadavg": [
      0,
      0,
      0
    ],
    "uptime": 146961.687
  },
  "trace": [
    {
      "column": 15,
      "file": "C:\\Users\\ditsd\\Desktop\\busTicketBooking\\customer\\node_modules\\express\\lib\\router\\index.js",
      "function": null,
      "line": 646,
      "method": null,
      "native": false
    },
    {
      "column": 14,
      "file": "C:\\Users\\ditsd\\Desktop\\busTicketBooking\\customer\\node_modules\\express\\lib\\router\\index.js",
      "function": "next",
      "line": 216,
      "method": null,
      "native": false
    },
    {
      "column": 3,
      "file": "C:\\Users\\ditsd\\Desktop\\busTicketBooking\\customer\\node_modules\\express\\lib\\router\\index.js",
      "function": "Function.handle",
      "line": 175,
      "method": "handle",
      "native": false
    },
    {
      "column": 12,
      "file": "C:\\Users\\ditsd\\Desktop\\busTicketBooking\\customer\\node_modules\\express\\lib\\router\\index.js",
      "function": "router",
      "line": 47,
      "method": null,
      "native": false
    },
    {
      "column": 7,
      "file": "C:\\Users\\ditsd\\Desktop\\busTicketBooking\\customer\\index.ts",
      "function": null,
      "line": 10,
      "method": null,
      "native": false
    },
    {
      "column": 14,
      "file": "node:internal/modules/cjs/loader",
      "function": "Module._compile",
      "line": 1241,
      "method": "_compile",
      "native": false
    },
    {
      "column": 23,
      "file": "C:\\Users\\ditsd\\AppData\\Roaming\\nvm\\v20.9.0\\node_modules\\ts-node\\src\\index.ts",
      "function": "Module.m._compile",
      "line": 1618,
      "method": "_compile",
      "native": false
    },
    {
      "column": 10,
      "file": "node:internal/modules/cjs/loader",
      "function": "Module._extensions..js",
      "line": 1295,
      "method": ".js",
      "native": false
    },
    {
      "column": 12,
      "file": "C:\\Users\\ditsd\\AppData\\Roaming\\nvm\\v20.9.0\\node_modules\\ts-node\\src\\index.ts",
      "function": "Object.require.extensions.<computed> [as .ts]",
      "line": 1621,
      "method": "ts]",
      "native": false
    },
    {
      "column": 32,
      "file": "node:internal/modules/cjs/loader",
      "function": "Module.load",
      "line": 1091,
      "method": "load",
      "native": false
    }
  ]
}
2024-04-17 04:25:23 - c3ab8bb5-5908-44ea-a9b3-31a1c99bc257 - error: uncaughtException: Cannot read properties of undefined (reading 'apply')
TypeError: Cannot read properties of undefined (reading 'apply')
    at C:\Users\ditsd\Desktop\busTicketBooking\customer\node_modules\express\lib\router\index.js:646:15
    at next (C:\Users\ditsd\Desktop\busTicketBooking\customer\node_modules\express\lib\router\index.js:216:14)
    at Function.handle (C:\Users\ditsd\Desktop\busTicketBooking\customer\node_modules\express\lib\router\index.js:175:3)
    at router (C:\Users\ditsd\Desktop\busTicketBooking\customer\node_modules\express\lib\router\index.js:47:12)
    at Object.<anonymous> (C:\Users\ditsd\Desktop\busTicketBooking\customer\index.ts:10:7)
    at Module._compile (node:internal/modules/cjs/loader:1241:14)
    at Module.m._compile (C:\Users\ditsd\AppData\Roaming\nvm\v20.9.0\node_modules\ts-node\src\index.ts:1618:23)
    at Module._extensions..js (node:internal/modules/cjs/loader:1295:10)
    at Object.require.extensions.<computed> [as .ts] (C:\Users\ditsd\AppData\Roaming\nvm\v20.9.0\node_modules\ts-node\src\index.ts:1621:12)
    at Module.load (node:internal/modules/cjs/loader:1091:32) {
  "error": {},
  "stack": "TypeError: Cannot read properties of undefined (reading 'apply')\n    at C:\\Users\\ditsd\\Desktop\\busTicketBooking\\customer\\node_modules\\express\\lib\\router\\index.js:646:15\n    at next (C:\\Users\\ditsd\\Desktop\\busTicketBooking\\customer\\node_modules\\express\\lib\\router\\index.js:216:14)\n    at Function.handle (C:\\Users\\ditsd\\Desktop\\busTicketBooking\\customer\\node_modules\\express\\lib\\router\\index.js:175:3)\n    at router (C:\\Users\\ditsd\\Desktop\\busTicketBooking\\customer\\node_modules\\express\\lib\\router\\index.js:47:12)\n    at Object.<anonymous> (C:\\Users\\ditsd\\Desktop\\busTicketBooking\\customer\\index.ts:10:7)\n    at Module._compile (node:internal/modules/cjs/loader:1241:14)\n    at Module.m._compile (C:\\Users\\ditsd\\AppData\\Roaming\\nvm\\v20.9.0\\node_modules\\ts-node\\src\\index.ts:1618:23)\n    at Module._extensions..js (node:internal/modules/cjs/loader:1295:10)\n    at Object.require.extensions.<computed> [as .ts] (C:\\Users\\ditsd\\AppData\\Roaming\\nvm\\v20.9.0\\node_modules\\ts-node\\src\\index.ts:1621:12)\n    at Module.load (node:internal/modules/cjs/loader:1091:32)",
  "exception": true,
  "date": "Wed Apr 17 2024 09:55:23 GMT+0530 (India Standard Time)",
  "process": {
    "pid": 19332,
    "uid": null,
    "gid": null,
    "cwd": "C:\\Users\\ditsd\\Desktop\\busTicketBooking\\customer",
    "execPath": "C:\\Program Files\\nodejs\\node.exe",
    "version": "v20.9.0",
    "argv": [
      "C:\\Program Files\\nodejs\\node_modules\\ts-node\\dist\\bin.js",
      "C:\\Users\\ditsd\\Desktop\\busTicketBooking\\customer\\index.ts"
    ],
    "memoryUsage": {
      "rss": 216350720,
      "heapTotal": 169824256,
      "heapUsed": 148556928,
      "external": 5478484,
      "arrayBuffers": 2465204
    }
  },
  "os": {
    "loadavg": [
      0,
      0,
      0
    ],
    "uptime": 146972.437
  },
  "trace": [
    {
      "column": 15,
      "file": "C:\\Users\\ditsd\\Desktop\\busTicketBooking\\customer\\node_modules\\express\\lib\\router\\index.js",
      "function": null,
      "line": 646,
      "method": null,
      "native": false
    },
    {
      "column": 14,
      "file": "C:\\Users\\ditsd\\Desktop\\busTicketBooking\\customer\\node_modules\\express\\lib\\router\\index.js",
      "function": "next",
      "line": 216,
      "method": null,
      "native": false
    },
    {
      "column": 3,
      "file": "C:\\Users\\ditsd\\Desktop\\busTicketBooking\\customer\\node_modules\\express\\lib\\router\\index.js",
      "function": "Function.handle",
      "line": 175,
      "method": "handle",
      "native": false
    },
    {
      "column": 12,
      "file": "C:\\Users\\ditsd\\Desktop\\busTicketBooking\\customer\\node_modules\\express\\lib\\router\\index.js",
      "function": "router",
      "line": 47,
      "method": null,
      "native": false
    },
    {
      "column": 7,
      "file": "C:\\Users\\ditsd\\Desktop\\busTicketBooking\\customer\\index.ts",
      "function": null,
      "line": 10,
      "method": null,
      "native": false
    },
    {
      "column": 14,
      "file": "node:internal/modules/cjs/loader",
      "function": "Module._compile",
      "line": 1241,
      "method": "_compile",
      "native": false
    },
    {
      "column": 23,
      "file": "C:\\Users\\ditsd\\AppData\\Roaming\\nvm\\v20.9.0\\node_modules\\ts-node\\src\\index.ts",
      "function": "Module.m._compile",
      "line": 1618,
      "method": "_compile",
      "native": false
    },
    {
      "column": 10,
      "file": "node:internal/modules/cjs/loader",
      "function": "Module._extensions..js",
      "line": 1295,
      "method": ".js",
      "native": false
    },
    {
      "column": 12,
      "file": "C:\\Users\\ditsd\\AppData\\Roaming\\nvm\\v20.9.0\\node_modules\\ts-node\\src\\index.ts",
      "function": "Object.require.extensions.<computed> [as .ts]",
      "line": 1621,
      "method": "ts]",
      "native": false
    },
    {
      "column": 32,
      "file": "node:internal/modules/cjs/loader",
      "function": "Module.load",
      "line": 1091,
      "method": "load",
      "native": false
    }
  ]
}
2024-04-17 04:53:22 - 206bbbeb-9731-4e09-979a-e7f1454e3d21 - error: Cannot read properties of undefined (reading 'email') 
2024-04-17 04:53:22 - d16fb99e-16a0-457a-9168-0f57a171aca2 - error: userAdd userController Error @ Error: 	Cannot read properties of undefined (reading 'email') 
2024-04-17 04:57:09 - d458492a-ef1c-45d0-a049-fcb6dc9abcbf - error: Cannot read properties of undefined (reading 'email') 
2024-04-17 04:57:09 - a19371be-bb97-48c0-aff0-eabd049bef1d - error: userAdd userController Error @ Error: 	Cannot read properties of undefined (reading 'email') 
2024-04-17 04:57:10 - 05654273-52c3-4e9b-8d0b-3c289f56dc6b - error: Cannot read properties of undefined (reading 'email') 
2024-04-17 04:57:10 - d407af78-3ca5-4fa6-b162-97d262929cb7 - error: userAdd userController Error @ Error: 	Cannot read properties of undefined (reading 'email') 
2024-04-17 04:57:43 - e858c650-d5a1-4375-aeac-862c61af063c - error: Cannot read properties of undefined (reading 'email') 
2024-04-17 04:57:53 - a90a452a-34c3-4ccd-a95b-35c707b3313f - error: userAdd userController Error @ Error: 	Cannot read properties of undefined (reading 'email') 
2024-04-17 04:58:55 - 704feb09-4b4c-4fa6-a3cd-a5448da2e3af - error: Cannot read properties of undefined (reading 'email') 
2024-04-17 04:59:07 - 1d73225d-afb6-4feb-84fd-cdc108ac5f71 - error: userAdd userController Error @ Error: 	Cannot read properties of undefined (reading 'email') 
2024-04-17 05:11:06 - 96b582aa-7206-4a87-8b60-919282c09134 - error: Cannot read properties of undefined (reading 'email') 
2024-04-17 05:11:06 - b07586a1-b2d6-499f-9aba-be13b87b24c6 - error: userAdd userController Error @ Error: 	Cannot read properties of undefined (reading 'email') 
2024-04-17 05:23:22 - 7b9a29aa-46c8-46bd-8089-c95c40c190a4 - error: Cannot read properties of undefined (reading 'email') 
2024-04-17 05:23:22 - 264f8f20-467a-4048-b561-c94d368d7395 - error: userAdd userController Error @ Error: 	Cannot read properties of undefined (reading 'email') 
2024-04-17 05:23:41 - 0b02b227-0d4b-48df-bcdd-0ad304e4f00a - error: Cannot read properties of undefined (reading 'email') 
2024-04-17 05:24:38 - edcd8074-6a7c-4274-835d-a42061bab99d - error: Cannot read properties of undefined (reading 'email') 
2024-04-17 05:31:53 - e7d0ce3e-e34e-45fd-b4d8-048fa21c9931 - error: Cannot read properties of undefined (reading 'email') 
2024-04-17 05:56:53 - 64379639-40cb-461a-873f-1b50b558d428 - error: Cannot read properties of undefined (reading 'email') 
2024-04-17 06:05:33 - ca9d63db-e8ca-4284-b097-19ff5e6d92f7 - error: Cannot read properties of undefined (reading 'email') 
2024-04-17 06:09:10 - c0db7ea8-1f8e-4fb6-90c2-32d70198ae55 - error: Cannot read properties of undefined (reading 'email') 
2024-04-17 06:09:10 - 1f41af39-8a53-496a-a7dd-8b87481aaf66 - error: userAdd userController Error @ Error: 	Cannot read properties of undefined (reading 'email') 
2024-04-17 06:11:39 - 56ae7800-f555-4e75-82a0-3b08de72cbed - error: data and salt arguments required 
2024-04-17 06:11:43 - 8d5ad3e3-5097-48a2-8120-20d0341f6ef5 - error: userAdd userController Error @ Error: 	data and salt arguments required 
2024-04-17 07:07:23 - b8888a0b-0096-4066-b1c0-dba388889a9d - error: Validation error {
  "name": "SequelizeUniqueConstraintError",
  "errors": [
    {
      "message": "PRIMARY must be unique",
      "type": "unique violation",
      "path": "PRIMARY",
      "value": "4",
      "origin": "DB",
      "instance": {
        "id": "4a9dba18-4e78-4319-9341-75e05644e210",
        "firstName": "abhishek",
        "lastName": "xdfghj",
        "email": "qqcllac@gmail.com",
        "password": "$2b$10$FH00Kpg.unzwP5hZuBp8GOmp0h88lf8clPfbAqaPPBehBDBRHvlEi",
        "updatedAt": "2024-04-17T07:07:23.038Z",
        "createdAt": "2024-04-17T07:07:23.038Z"
      },
      "validatorKey": "not_unique",
      "validatorName": null,
      "validatorArgs": []
    }
  ],
  "parent": {
    "code": "ER_DUP_ENTRY",
    "errno": 1062,
    "sqlState": "23000",
    "sqlMessage": "Duplicate entry '4' for key 'PRIMARY'",
    "sql": "INSERT INTO `customers` (`id`,`firstName`,`lastName`,`email`,`password`,`createdAt`,`updatedAt`) VALUES (?,?,?,?,?,?,?);",
    "parameters": [
      "4a9dba18-4e78-4319-9341-75e05644e210",
      "abhishek",
      "xdfghj",
      "qqcllac@gmail.com",
      "$2b$10$FH00Kpg.unzwP5hZuBp8GOmp0h88lf8clPfbAqaPPBehBDBRHvlEi",
      "2024-04-17 07:07:23",
      "2024-04-17 07:07:23"
    ]
  },
  "original": {
    "code": "ER_DUP_ENTRY",
    "errno": 1062,
    "sqlState": "23000",
    "sqlMessage": "Duplicate entry '4' for key 'PRIMARY'",
    "sql": "INSERT INTO `customers` (`id`,`firstName`,`lastName`,`email`,`password`,`createdAt`,`updatedAt`) VALUES (?,?,?,?,?,?,?);",
    "parameters": [
      "4a9dba18-4e78-4319-9341-75e05644e210",
      "abhishek",
      "xdfghj",
      "qqcllac@gmail.com",
      "$2b$10$FH00Kpg.unzwP5hZuBp8GOmp0h88lf8clPfbAqaPPBehBDBRHvlEi",
      "2024-04-17 07:07:23",
      "2024-04-17 07:07:23"
    ]
  },
  "fields": {
    "PRIMARY": "4"
  },
  "sql": "INSERT INTO `customers` (`id`,`firstName`,`lastName`,`email`,`password`,`createdAt`,`updatedAt`) VALUES (?,?,?,?,?,?,?);"
}
2024-04-17 07:07:23 - 0b410b03-a733-4ee8-be26-59f6d2689f6c - error: userAdd userController Error @ Error: 	Validation error 
2024-04-17 07:07:27 - 65b19d8c-5e3a-48c9-a7da-63b288d7d4d0 - error: Validation error {
  "name": "SequelizeUniqueConstraintError",
  "errors": [
    {
      "message": "PRIMARY must be unique",
      "type": "unique violation",
      "path": "PRIMARY",
      "value": "3",
      "origin": "DB",
      "instance": {
        "id": "3da3da3f-a121-4f05-8f89-866f73eb75a1",
        "firstName": "abhishek",
        "lastName": "xdfghj",
        "email": "qq@gmail.com",
        "password": "$2b$10$kuo6freupuPrPf8qgBPr/.xn1O5wn//D5sdB9VAXPowrzcxACKsT6",
        "updatedAt": "2024-04-17T07:07:27.577Z",
        "createdAt": "2024-04-17T07:07:27.577Z"
      },
      "validatorKey": "not_unique",
      "validatorName": null,
      "validatorArgs": []
    }
  ],
  "parent": {
    "code": "ER_DUP_ENTRY",
    "errno": 1062,
    "sqlState": "23000",
    "sqlMessage": "Duplicate entry '3' for key 'PRIMARY'",
    "sql": "INSERT INTO `customers` (`id`,`firstName`,`lastName`,`email`,`password`,`createdAt`,`updatedAt`) VALUES (?,?,?,?,?,?,?);",
    "parameters": [
      "3da3da3f-a121-4f05-8f89-866f73eb75a1",
      "abhishek",
      "xdfghj",
      "qq@gmail.com",
      "$2b$10$kuo6freupuPrPf8qgBPr/.xn1O5wn//D5sdB9VAXPowrzcxACKsT6",
      "2024-04-17 07:07:27",
      "2024-04-17 07:07:27"
    ]
  },
  "original": {
    "code": "ER_DUP_ENTRY",
    "errno": 1062,
    "sqlState": "23000",
    "sqlMessage": "Duplicate entry '3' for key 'PRIMARY'",
    "sql": "INSERT INTO `customers` (`id`,`firstName`,`lastName`,`email`,`password`,`createdAt`,`updatedAt`) VALUES (?,?,?,?,?,?,?);",
    "parameters": [
      "3da3da3f-a121-4f05-8f89-866f73eb75a1",
      "abhishek",
      "xdfghj",
      "qq@gmail.com",
      "$2b$10$kuo6freupuPrPf8qgBPr/.xn1O5wn//D5sdB9VAXPowrzcxACKsT6",
      "2024-04-17 07:07:27",
      "2024-04-17 07:07:27"
    ]
  },
  "fields": {
    "PRIMARY": "3"
  },
  "sql": "INSERT INTO `customers` (`id`,`firstName`,`lastName`,`email`,`password`,`createdAt`,`updatedAt`) VALUES (?,?,?,?,?,?,?);"
}
2024-04-17 07:07:27 - c1379afa-c227-4df5-b9af-b958283591dc - error: userAdd userController Error @ Error: 	Validation error 
2024-04-17 07:26:15 - 59e97810-5fd5-4be6-b4b9-ab5712a9c719 - error: WHERE parameter "email" has invalid "undefined" value 
2024-04-17 07:26:15 - 378a29fa-44d1-4184-8949-2e40161a8b0f - error: userAdd userController Error @ Error: 	WHERE parameter "email" has invalid "undefined" value 
2024-04-17 07:26:38 - 494ee9dc-fc2f-4610-8d07-9e9ba6c8273b - error: WHERE parameter "email" has invalid "undefined" value 
2024-04-17 07:26:38 - 6e44c827-2edf-4603-85eb-758323e1beef - error: userAdd userController Error @ Error: 	WHERE parameter "email" has invalid "undefined" value 
2024-04-17 07:55:57 - cd35a020-6d77-4049-9bbb-13fa2bd332aa - error: data must be a string or Buffer and salt must either be a salt string or a number of rounds 
2024-04-17 07:55:57 - 2b5d3c73-a85e-4661-8291-08be4ead89c9 - error: userUpdate userController Error @ Error: 	data must be a string or Buffer and salt must either be a salt string or a number of rounds 
2024-04-17 12:22:14 - 525fc3d6-1ff8-448a-a9c1-62824779d69f - error: value.map is not a function 
2024-04-17 12:22:45 - ae444d32-6deb-4628-8e2a-3a2f7ca76754 - error: userUpdate userController Error @ Error: 	value.map is not a function 
2024-04-17 12:58:12 - 9bbf6e2a-ab5a-41e1-8365-79eaade4d1e2 - error: Argument passed to findByPk is invalid: [object Object] 
2024-04-17 12:58:12 - fbd6c910-96b2-453d-a73f-d8462e049793 - error: userAdd userController Error @ Error: 	Argument passed to findByPk is invalid: [object Object] 
2024-04-17 13:02:40 - 7bdfae92-a8b6-435a-ab38-6a6e39ee0707 - error: Table 'busticketbooking.customers' doesn't exist {
  "name": "SequelizeDatabaseError",
  "parent": {
    "code": "ER_NO_SUCH_TABLE",
    "errno": 1146,
    "sqlState": "42S02",
    "sqlMessage": "Table 'busticketbooking.customers' doesn't exist",
    "sql": "SELECT `id`, `firstName`, `lastName`, `email`, `password`, `Dob`, `phoneNo`, `createdAt`, `updatedAt`, `deletedAt`, `deletedBy`, `isDeleted` FROM `customers` AS `customer` WHERE `customer`.`id` = '349829f9-f152-481d-b369-351f57751866';"
  },
  "original": {
    "code": "ER_NO_SUCH_TABLE",
    "errno": 1146,
    "sqlState": "42S02",
    "sqlMessage": "Table 'busticketbooking.customers' doesn't exist",
    "sql": "SELECT `id`, `firstName`, `lastName`, `email`, `password`, `Dob`, `phoneNo`, `createdAt`, `updatedAt`, `deletedAt`, `deletedBy`, `isDeleted` FROM `customers` AS `customer` WHERE `customer`.`id` = '349829f9-f152-481d-b369-351f57751866';"
  },
  "sql": "SELECT `id`, `firstName`, `lastName`, `email`, `password`, `Dob`, `phoneNo`, `createdAt`, `updatedAt`, `deletedAt`, `deletedBy`, `isDeleted` FROM `customers` AS `customer` WHERE `customer`.`id` = '349829f9-f152-481d-b369-351f57751866';",
  "parameters": {}
}
2024-04-17 13:02:40 - 980cecc0-f9f5-4400-b245-57427626f56a - error: userAdd userController Error @ Error: 	Table 'busticketbooking.customers' doesn't exist 
2024-04-17 13:06:18 - 51548dd8-6623-4696-8a8c-d2dcda202360 - error: userAdd userController Error @ SequelizeValidationError: string violation: deletedBy cannot be an array or an object 
2024-04-17 13:07:19 - add11422-c2fa-46bd-a0b8-7999a8be0644 - error: userAdd userController Error @ SequelizeValidationError: string violation: deletedBy cannot be an array or an object 
2024-04-17 13:07:43 - 843f4ac1-80ac-4e83-8731-c83f5bfeddb8 - error: userAdd userController Error @ SequelizeValidationError: string violation: deletedBy cannot be an array or an object 
2024-04-17 13:40:21 - 9a42e4b5-8f18-4232-8f4f-c78dd76c809c - error: uncaughtException: listen EADDRINUSE: address already in use :::3000
Error: listen EADDRINUSE: address already in use :::3000
    at Server.setupListenHandle (node:net:1872:16)
    at Server._listen2 (C:\Users\ditsd\Desktop\busTicketBooking\customer\node_modules\async-listener\index.js:97:23)
    at listenInCluster (node:net:1920:12)
    at Server.listen (node:net:2008:7)
    at Function.listen (C:\Users\ditsd\Desktop\busTicketBooking\customer\node_modules\express\lib\application.js:635:24)
    at Object.<anonymous> (C:\Users\ditsd\Desktop\busTicketBooking\customer\index.ts:12:5)
    at Module._compile (node:internal/modules/cjs/loader:1241:14)
    at Module.m._compile (C:\Users\ditsd\AppData\Roaming\nvm\v20.9.0\node_modules\ts-node\src\index.ts:1618:23)
    at Module._extensions..js (node:internal/modules/cjs/loader:1295:10)
    at Object.require.extensions.<computed> [as .ts] (C:\Users\ditsd\AppData\Roaming\nvm\v20.9.0\node_modules\ts-node\src\index.ts:1621:12) {
  "error": {
    "code": "EADDRINUSE",
    "errno": -4091,
    "syscall": "listen",
    "address": "::",
    "port": 3000
  },
  "stack": "Error: listen EADDRINUSE: address already in use :::3000\n    at Server.setupListenHandle (node:net:1872:16)\n    at Server._listen2 (C:\\Users\\ditsd\\Desktop\\busTicketBooking\\customer\\node_modules\\async-listener\\index.js:97:23)\n    at listenInCluster (node:net:1920:12)\n    at Server.listen (node:net:2008:7)\n    at Function.listen (C:\\Users\\ditsd\\Desktop\\busTicketBooking\\customer\\node_modules\\express\\lib\\application.js:635:24)\n    at Object.<anonymous> (C:\\Users\\ditsd\\Desktop\\busTicketBooking\\customer\\index.ts:12:5)\n    at Module._compile (node:internal/modules/cjs/loader:1241:14)\n    at Module.m._compile (C:\\Users\\ditsd\\AppData\\Roaming\\nvm\\v20.9.0\\node_modules\\ts-node\\src\\index.ts:1618:23)\n    at Module._extensions..js (node:internal/modules/cjs/loader:1295:10)\n    at Object.require.extensions.<computed> [as .ts] (C:\\Users\\ditsd\\AppData\\Roaming\\nvm\\v20.9.0\\node_modules\\ts-node\\src\\index.ts:1621:12)",
  "exception": true,
  "date": "Wed Apr 17 2024 19:10:21 GMT+0530 (India Standard Time)",
  "process": {
    "pid": 20384,
    "uid": null,
    "gid": null,
    "cwd": "C:\\Users\\ditsd\\Desktop\\busTicketBooking\\customer",
    "execPath": "C:\\Program Files\\nodejs\\node.exe",
    "version": "v20.9.0",
    "argv": [
      "C:\\Program Files\\nodejs\\node_modules\\ts-node\\dist\\bin.js",
      "C:\\Users\\ditsd\\Desktop\\busTicketBooking\\customer\\index.ts"
    ],
    "memoryUsage": {
      "rss": 218435584,
      "heapTotal": 175067136,
      "heapUsed": 148649992,
      "external": 5497408,
      "arrayBuffers": 2464951
    }
  },
  "os": {
    "loadavg": [
      0,
      0,
      0
    ],
    "uptime": 28374.75
  },
  "trace": [
    {
      "column": 16,
      "file": "node:net",
      "function": "Server.setupListenHandle",
      "line": 1872,
      "method": "setupListenHandle",
      "native": false
    },
    {
      "column": 23,
      "file": "C:\\Users\\ditsd\\Desktop\\busTicketBooking\\customer\\node_modules\\async-listener\\index.js",
      "function": "Server._listen2",
      "line": 97,
      "method": "_listen2",
      "native": false
    },
    {
      "column": 12,
      "file": "node:net",
      "function": "listenInCluster",
      "line": 1920,
      "method": null,
      "native": false
    },
    {
      "column": 7,
      "file": "node:net",
      "function": "Server.listen",
      "line": 2008,
      "method": "listen",
      "native": false
    },
    {
      "column": 24,
      "file": "C:\\Users\\ditsd\\Desktop\\busTicketBooking\\customer\\node_modules\\express\\lib\\application.js",
      "function": "Function.listen",
      "line": 635,
      "method": "listen",
      "native": false
    },
    {
      "column": 5,
      "file": "C:\\Users\\ditsd\\Desktop\\busTicketBooking\\customer\\index.ts",
      "function": null,
      "line": 12,
      "method": null,
      "native": false
    },
    {
      "column": 14,
      "file": "node:internal/modules/cjs/loader",
      "function": "Module._compile",
      "line": 1241,
      "method": "_compile",
      "native": false
    },
    {
      "column": 23,
      "file": "C:\\Users\\ditsd\\AppData\\Roaming\\nvm\\v20.9.0\\node_modules\\ts-node\\src\\index.ts",
      "function": "Module.m._compile",
      "line": 1618,
      "method": "_compile",
      "native": false
    },
    {
      "column": 10,
      "file": "node:internal/modules/cjs/loader",
      "function": "Module._extensions..js",
      "line": 1295,
      "method": ".js",
      "native": false
    },
    {
      "column": 12,
      "file": "C:\\Users\\ditsd\\AppData\\Roaming\\nvm\\v20.9.0\\node_modules\\ts-node\\src\\index.ts",
      "function": "Object.require.extensions.<computed> [as .ts]",
      "line": 1621,
      "method": "ts]",
      "native": false
    }
  ]
}
2024-04-17 13:41:34 - e28a8f36-f873-4357-bc08-8965c9c7621f - error: uncaughtException: listen EADDRINUSE: address already in use :::3000
Error: listen EADDRINUSE: address already in use :::3000
    at Server.setupListenHandle (node:net:1872:16)
    at Server._listen2 (C:\Users\ditsd\Desktop\busTicketBooking\customer\node_modules\async-listener\index.js:97:23)
    at listenInCluster (node:net:1920:12)
    at Server.listen (node:net:2008:7)
    at Function.listen (C:\Users\ditsd\Desktop\busTicketBooking\customer\node_modules\express\lib\application.js:635:24)
    at Object.<anonymous> (C:\Users\ditsd\Desktop\busTicketBooking\customer\index.ts:12:5)
    at Module._compile (node:internal/modules/cjs/loader:1241:14)
    at Module.m._compile (C:\Users\ditsd\AppData\Roaming\nvm\v20.9.0\node_modules\ts-node\src\index.ts:1618:23)
    at Module._extensions..js (node:internal/modules/cjs/loader:1295:10)
    at Object.require.extensions.<computed> [as .ts] (C:\Users\ditsd\AppData\Roaming\nvm\v20.9.0\node_modules\ts-node\src\index.ts:1621:12) {
  "error": {
    "code": "EADDRINUSE",
    "errno": -4091,
    "syscall": "listen",
    "address": "::",
    "port": 3000
  },
  "stack": "Error: listen EADDRINUSE: address already in use :::3000\n    at Server.setupListenHandle (node:net:1872:16)\n    at Server._listen2 (C:\\Users\\ditsd\\Desktop\\busTicketBooking\\customer\\node_modules\\async-listener\\index.js:97:23)\n    at listenInCluster (node:net:1920:12)\n    at Server.listen (node:net:2008:7)\n    at Function.listen (C:\\Users\\ditsd\\Desktop\\busTicketBooking\\customer\\node_modules\\express\\lib\\application.js:635:24)\n    at Object.<anonymous> (C:\\Users\\ditsd\\Desktop\\busTicketBooking\\customer\\index.ts:12:5)\n    at Module._compile (node:internal/modules/cjs/loader:1241:14)\n    at Module.m._compile (C:\\Users\\ditsd\\AppData\\Roaming\\nvm\\v20.9.0\\node_modules\\ts-node\\src\\index.ts:1618:23)\n    at Module._extensions..js (node:internal/modules/cjs/loader:1295:10)\n    at Object.require.extensions.<computed> [as .ts] (C:\\Users\\ditsd\\AppData\\Roaming\\nvm\\v20.9.0\\node_modules\\ts-node\\src\\index.ts:1621:12)",
  "exception": true,
  "date": "Wed Apr 17 2024 19:11:34 GMT+0530 (India Standard Time)",
  "process": {
    "pid": 4916,
    "uid": null,
    "gid": null,
    "cwd": "C:\\Users\\ditsd\\Desktop\\busTicketBooking\\customer",
    "execPath": "C:\\Program Files\\nodejs\\node.exe",
    "version": "v20.9.0",
    "argv": [
      "C:\\Program Files\\nodejs\\node_modules\\ts-node\\dist\\bin.js",
      "C:\\Users\\ditsd\\Desktop\\busTicketBooking\\customer\\index.ts"
    ],
    "memoryUsage": {
      "rss": 220155904,
      "heapTotal": 175329280,
      "heapUsed": 149543000,
      "external": 5497367,
      "arrayBuffers": 2464910
    }
  },
  "os": {
    "loadavg": [
      0,
      0,
      0
    ],
    "uptime": 28447.453
  },
  "trace": [
    {
      "column": 16,
      "file": "node:net",
      "function": "Server.setupListenHandle",
      "line": 1872,
      "method": "setupListenHandle",
      "native": false
    },
    {
      "column": 23,
      "file": "C:\\Users\\ditsd\\Desktop\\busTicketBooking\\customer\\node_modules\\async-listener\\index.js",
      "function": "Server._listen2",
      "line": 97,
      "method": "_listen2",
      "native": false
    },
    {
      "column": 12,
      "file": "node:net",
      "function": "listenInCluster",
      "line": 1920,
      "method": null,
      "native": false
    },
    {
      "column": 7,
      "file": "node:net",
      "function": "Server.listen",
      "line": 2008,
      "method": "listen",
      "native": false
    },
    {
      "column": 24,
      "file": "C:\\Users\\ditsd\\Desktop\\busTicketBooking\\customer\\node_modules\\express\\lib\\application.js",
      "function": "Function.listen",
      "line": 635,
      "method": "listen",
      "native": false
    },
    {
      "column": 5,
      "file": "C:\\Users\\ditsd\\Desktop\\busTicketBooking\\customer\\index.ts",
      "function": null,
      "line": 12,
      "method": null,
      "native": false
    },
    {
      "column": 14,
      "file": "node:internal/modules/cjs/loader",
      "function": "Module._compile",
      "line": 1241,
      "method": "_compile",
      "native": false
    },
    {
      "column": 23,
      "file": "C:\\Users\\ditsd\\AppData\\Roaming\\nvm\\v20.9.0\\node_modules\\ts-node\\src\\index.ts",
      "function": "Module.m._compile",
      "line": 1618,
      "method": "_compile",
      "native": false
    },
    {
      "column": 10,
      "file": "node:internal/modules/cjs/loader",
      "function": "Module._extensions..js",
      "line": 1295,
      "method": ".js",
      "native": false
    },
    {
      "column": 12,
      "file": "C:\\Users\\ditsd\\AppData\\Roaming\\nvm\\v20.9.0\\node_modules\\ts-node\\src\\index.ts",
      "function": "Object.require.extensions.<computed> [as .ts]",
      "line": 1621,
      "method": "ts]",
      "native": false
    }
  ]
}
2024-04-17 13:41:53 - f95c7907-42db-41bc-ac26-dabdcd58569f - error: uncaughtException: listen EADDRINUSE: address already in use :::3000
Error: listen EADDRINUSE: address already in use :::3000
    at Server.setupListenHandle (node:net:1872:16)
    at Server._listen2 (C:\Users\ditsd\Desktop\busTicketBooking\customer\node_modules\async-listener\index.js:97:23)
    at listenInCluster (node:net:1920:12)
    at Server.listen (node:net:2008:7)
    at Function.listen (C:\Users\ditsd\Desktop\busTicketBooking\customer\node_modules\express\lib\application.js:635:24)
    at Object.<anonymous> (C:\Users\ditsd\Desktop\busTicketBooking\customer\index.ts:12:5)
    at Module._compile (node:internal/modules/cjs/loader:1241:14)
    at Module.m._compile (C:\Users\ditsd\AppData\Roaming\nvm\v20.9.0\node_modules\ts-node\src\index.ts:1618:23)
    at Module._extensions..js (node:internal/modules/cjs/loader:1295:10)
    at Object.require.extensions.<computed> [as .ts] (C:\Users\ditsd\AppData\Roaming\nvm\v20.9.0\node_modules\ts-node\src\index.ts:1621:12) {
  "error": {
    "code": "EADDRINUSE",
    "errno": -4091,
    "syscall": "listen",
    "address": "::",
    "port": 3000
  },
  "stack": "Error: listen EADDRINUSE: address already in use :::3000\n    at Server.setupListenHandle (node:net:1872:16)\n    at Server._listen2 (C:\\Users\\ditsd\\Desktop\\busTicketBooking\\customer\\node_modules\\async-listener\\index.js:97:23)\n    at listenInCluster (node:net:1920:12)\n    at Server.listen (node:net:2008:7)\n    at Function.listen (C:\\Users\\ditsd\\Desktop\\busTicketBooking\\customer\\node_modules\\express\\lib\\application.js:635:24)\n    at Object.<anonymous> (C:\\Users\\ditsd\\Desktop\\busTicketBooking\\customer\\index.ts:12:5)\n    at Module._compile (node:internal/modules/cjs/loader:1241:14)\n    at Module.m._compile (C:\\Users\\ditsd\\AppData\\Roaming\\nvm\\v20.9.0\\node_modules\\ts-node\\src\\index.ts:1618:23)\n    at Module._extensions..js (node:internal/modules/cjs/loader:1295:10)\n    at Object.require.extensions.<computed> [as .ts] (C:\\Users\\ditsd\\AppData\\Roaming\\nvm\\v20.9.0\\node_modules\\ts-node\\src\\index.ts:1621:12)",
  "exception": true,
  "date": "Wed Apr 17 2024 19:11:53 GMT+0530 (India Standard Time)",
  "process": {
    "pid": 3960,
    "uid": null,
    "gid": null,
    "cwd": "C:\\Users\\ditsd\\Desktop\\busTicketBooking\\customer",
    "execPath": "C:\\Program Files\\nodejs\\node.exe",
    "version": "v20.9.0",
    "argv": [
      "C:\\Program Files\\nodejs\\node_modules\\ts-node\\dist\\bin.js",
      "C:\\Users\\ditsd\\Desktop\\busTicketBooking\\customer\\index.ts"
    ],
    "memoryUsage": {
      "rss": 218996736,
      "heapTotal": 175329280,
      "heapUsed": 149250008,
      "external": 5497351,
      "arrayBuffers": 2464894
    }
  },
  "os": {
    "loadavg": [
      0,
      0,
      0
    ],
    "uptime": 28466.343
  },
  "trace": [
    {
      "column": 16,
      "file": "node:net",
      "function": "Server.setupListenHandle",
      "line": 1872,
      "method": "setupListenHandle",
      "native": false
    },
    {
      "column": 23,
      "file": "C:\\Users\\ditsd\\Desktop\\busTicketBooking\\customer\\node_modules\\async-listener\\index.js",
      "function": "Server._listen2",
      "line": 97,
      "method": "_listen2",
      "native": false
    },
    {
      "column": 12,
      "file": "node:net",
      "function": "listenInCluster",
      "line": 1920,
      "method": null,
      "native": false
    },
    {
      "column": 7,
      "file": "node:net",
      "function": "Server.listen",
      "line": 2008,
      "method": "listen",
      "native": false
    },
    {
      "column": 24,
      "file": "C:\\Users\\ditsd\\Desktop\\busTicketBooking\\customer\\node_modules\\express\\lib\\application.js",
      "function": "Function.listen",
      "line": 635,
      "method": "listen",
      "native": false
    },
    {
      "column": 5,
      "file": "C:\\Users\\ditsd\\Desktop\\busTicketBooking\\customer\\index.ts",
      "function": null,
      "line": 12,
      "method": null,
      "native": false
    },
    {
      "column": 14,
      "file": "node:internal/modules/cjs/loader",
      "function": "Module._compile",
      "line": 1241,
      "method": "_compile",
      "native": false
    },
    {
      "column": 23,
      "file": "C:\\Users\\ditsd\\AppData\\Roaming\\nvm\\v20.9.0\\node_modules\\ts-node\\src\\index.ts",
      "function": "Module.m._compile",
      "line": 1618,
      "method": "_compile",
      "native": false
    },
    {
      "column": 10,
      "file": "node:internal/modules/cjs/loader",
      "function": "Module._extensions..js",
      "line": 1295,
      "method": ".js",
      "native": false
    },
    {
      "column": 12,
      "file": "C:\\Users\\ditsd\\AppData\\Roaming\\nvm\\v20.9.0\\node_modules\\ts-node\\src\\index.ts",
      "function": "Object.require.extensions.<computed> [as .ts]",
      "line": 1621,
      "method": "ts]",
      "native": false
    }
  ]
}
2024-04-17 13:42:14 - 4e388865-8bca-4c83-8331-3bc7fec1d2fb - error: uncaughtException: listen EADDRINUSE: address already in use :::3000
Error: listen EADDRINUSE: address already in use :::3000
    at Server.setupListenHandle (node:net:1872:16)
    at Server._listen2 (C:\Users\ditsd\Desktop\busTicketBooking\customer\node_modules\async-listener\index.js:97:23)
    at listenInCluster (node:net:1920:12)
    at Server.listen (node:net:2008:7)
    at Function.listen (C:\Users\ditsd\Desktop\busTicketBooking\customer\node_modules\express\lib\application.js:635:24)
    at Object.<anonymous> (C:\Users\ditsd\Desktop\busTicketBooking\customer\index.ts:12:5)
    at Module._compile (node:internal/modules/cjs/loader:1241:14)
    at Module.m._compile (C:\Users\ditsd\AppData\Roaming\nvm\v20.9.0\node_modules\ts-node\src\index.ts:1618:23)
    at Module._extensions..js (node:internal/modules/cjs/loader:1295:10)
    at Object.require.extensions.<computed> [as .ts] (C:\Users\ditsd\AppData\Roaming\nvm\v20.9.0\node_modules\ts-node\src\index.ts:1621:12) {
  "error": {
    "code": "EADDRINUSE",
    "errno": -4091,
    "syscall": "listen",
    "address": "::",
    "port": 3000
  },
  "stack": "Error: listen EADDRINUSE: address already in use :::3000\n    at Server.setupListenHandle (node:net:1872:16)\n    at Server._listen2 (C:\\Users\\ditsd\\Desktop\\busTicketBooking\\customer\\node_modules\\async-listener\\index.js:97:23)\n    at listenInCluster (node:net:1920:12)\n    at Server.listen (node:net:2008:7)\n    at Function.listen (C:\\Users\\ditsd\\Desktop\\busTicketBooking\\customer\\node_modules\\express\\lib\\application.js:635:24)\n    at Object.<anonymous> (C:\\Users\\ditsd\\Desktop\\busTicketBooking\\customer\\index.ts:12:5)\n    at Module._compile (node:internal/modules/cjs/loader:1241:14)\n    at Module.m._compile (C:\\Users\\ditsd\\AppData\\Roaming\\nvm\\v20.9.0\\node_modules\\ts-node\\src\\index.ts:1618:23)\n    at Module._extensions..js (node:internal/modules/cjs/loader:1295:10)\n    at Object.require.extensions.<computed> [as .ts] (C:\\Users\\ditsd\\AppData\\Roaming\\nvm\\v20.9.0\\node_modules\\ts-node\\src\\index.ts:1621:12)",
  "exception": true,
  "date": "Wed Apr 17 2024 19:12:14 GMT+0530 (India Standard Time)",
  "process": {
    "pid": 16528,
    "uid": null,
    "gid": null,
    "cwd": "C:\\Users\\ditsd\\Desktop\\busTicketBooking\\customer",
    "execPath": "C:\\Program Files\\nodejs\\node.exe",
    "version": "v20.9.0",
    "argv": [
      "C:\\Program Files\\nodejs\\node_modules\\ts-node\\dist\\bin.js",
      "C:\\Users\\ditsd\\Desktop\\busTicketBooking\\customer\\index.ts"
    ],
    "memoryUsage": {
      "rss": 218533888,
      "heapTotal": 175067136,
      "heapUsed": 149245344,
      "external": 5497488,
      "arrayBuffers": 2465031
    }
  },
  "os": {
    "loadavg": [
      0,
      0,
      0
    ],
    "uptime": 28487.562
  },
  "trace": [
    {
      "column": 16,
      "file": "node:net",
      "function": "Server.setupListenHandle",
      "line": 1872,
      "method": "setupListenHandle",
      "native": false
    },
    {
      "column": 23,
      "file": "C:\\Users\\ditsd\\Desktop\\busTicketBooking\\customer\\node_modules\\async-listener\\index.js",
      "function": "Server._listen2",
      "line": 97,
      "method": "_listen2",
      "native": false
    },
    {
      "column": 12,
      "file": "node:net",
      "function": "listenInCluster",
      "line": 1920,
      "method": null,
      "native": false
    },
    {
      "column": 7,
      "file": "node:net",
      "function": "Server.listen",
      "line": 2008,
      "method": "listen",
      "native": false
    },
    {
      "column": 24,
      "file": "C:\\Users\\ditsd\\Desktop\\busTicketBooking\\customer\\node_modules\\express\\lib\\application.js",
      "function": "Function.listen",
      "line": 635,
      "method": "listen",
      "native": false
    },
    {
      "column": 5,
      "file": "C:\\Users\\ditsd\\Desktop\\busTicketBooking\\customer\\index.ts",
      "function": null,
      "line": 12,
      "method": null,
      "native": false
    },
    {
      "column": 14,
      "file": "node:internal/modules/cjs/loader",
      "function": "Module._compile",
      "line": 1241,
      "method": "_compile",
      "native": false
    },
    {
      "column": 23,
      "file": "C:\\Users\\ditsd\\AppData\\Roaming\\nvm\\v20.9.0\\node_modules\\ts-node\\src\\index.ts",
      "function": "Module.m._compile",
      "line": 1618,
      "method": "_compile",
      "native": false
    },
    {
      "column": 10,
      "file": "node:internal/modules/cjs/loader",
      "function": "Module._extensions..js",
      "line": 1295,
      "method": ".js",
      "native": false
    },
    {
      "column": 12,
      "file": "C:\\Users\\ditsd\\AppData\\Roaming\\nvm\\v20.9.0\\node_modules\\ts-node\\src\\index.ts",
      "function": "Object.require.extensions.<computed> [as .ts]",
      "line": 1621,
      "method": "ts]",
      "native": false
    }
  ]
}
2024-04-17 13:42:28 - b5adecc0-f4a6-4020-9ba7-3560b74bf5a1 - error: uncaughtException: listen EADDRINUSE: address already in use :::3000
Error: listen EADDRINUSE: address already in use :::3000
    at Server.setupListenHandle (node:net:1872:16)
    at Server._listen2 (C:\Users\ditsd\Desktop\busTicketBooking\customer\node_modules\async-listener\index.js:97:23)
    at listenInCluster (node:net:1920:12)
    at Server.listen (node:net:2008:7)
    at Function.listen (C:\Users\ditsd\Desktop\busTicketBooking\customer\node_modules\express\lib\application.js:635:24)
    at Object.<anonymous> (C:\Users\ditsd\Desktop\busTicketBooking\customer\index.ts:12:5)
    at Module._compile (node:internal/modules/cjs/loader:1241:14)
    at Module.m._compile (C:\Users\ditsd\AppData\Roaming\nvm\v20.9.0\node_modules\ts-node\src\index.ts:1618:23)
    at Module._extensions..js (node:internal/modules/cjs/loader:1295:10)
    at Object.require.extensions.<computed> [as .ts] (C:\Users\ditsd\AppData\Roaming\nvm\v20.9.0\node_modules\ts-node\src\index.ts:1621:12) {
  "error": {
    "code": "EADDRINUSE",
    "errno": -4091,
    "syscall": "listen",
    "address": "::",
    "port": 3000
  },
  "stack": "Error: listen EADDRINUSE: address already in use :::3000\n    at Server.setupListenHandle (node:net:1872:16)\n    at Server._listen2 (C:\\Users\\ditsd\\Desktop\\busTicketBooking\\customer\\node_modules\\async-listener\\index.js:97:23)\n    at listenInCluster (node:net:1920:12)\n    at Server.listen (node:net:2008:7)\n    at Function.listen (C:\\Users\\ditsd\\Desktop\\busTicketBooking\\customer\\node_modules\\express\\lib\\application.js:635:24)\n    at Object.<anonymous> (C:\\Users\\ditsd\\Desktop\\busTicketBooking\\customer\\index.ts:12:5)\n    at Module._compile (node:internal/modules/cjs/loader:1241:14)\n    at Module.m._compile (C:\\Users\\ditsd\\AppData\\Roaming\\nvm\\v20.9.0\\node_modules\\ts-node\\src\\index.ts:1618:23)\n    at Module._extensions..js (node:internal/modules/cjs/loader:1295:10)\n    at Object.require.extensions.<computed> [as .ts] (C:\\Users\\ditsd\\AppData\\Roaming\\nvm\\v20.9.0\\node_modules\\ts-node\\src\\index.ts:1621:12)",
  "exception": true,
  "date": "Wed Apr 17 2024 19:12:28 GMT+0530 (India Standard Time)",
  "process": {
    "pid": 3960,
    "uid": null,
    "gid": null,
    "cwd": "C:\\Users\\ditsd\\Desktop\\busTicketBooking\\customer",
    "execPath": "C:\\Program Files\\nodejs\\node.exe",
    "version": "v20.9.0",
    "argv": [
      "C:\\Program Files\\nodejs\\node_modules\\ts-node\\dist\\bin.js",
      "C:\\Users\\ditsd\\Desktop\\busTicketBooking\\customer\\index.ts"
    ],
    "memoryUsage": {
      "rss": 219418624,
      "heapTotal": 175591424,
      "heapUsed": 148800272,
      "external": 5497487,
      "arrayBuffers": 2465030
    }
  },
  "os": {
    "loadavg": [
      0,
      0,
      0
    ],
    "uptime": 28500.859
  },
  "trace": [
    {
      "column": 16,
      "file": "node:net",
      "function": "Server.setupListenHandle",
      "line": 1872,
      "method": "setupListenHandle",
      "native": false
    },
    {
      "column": 23,
      "file": "C:\\Users\\ditsd\\Desktop\\busTicketBooking\\customer\\node_modules\\async-listener\\index.js",
      "function": "Server._listen2",
      "line": 97,
      "method": "_listen2",
      "native": false
    },
    {
      "column": 12,
      "file": "node:net",
      "function": "listenInCluster",
      "line": 1920,
      "method": null,
      "native": false
    },
    {
      "column": 7,
      "file": "node:net",
      "function": "Server.listen",
      "line": 2008,
      "method": "listen",
      "native": false
    },
    {
      "column": 24,
      "file": "C:\\Users\\ditsd\\Desktop\\busTicketBooking\\customer\\node_modules\\express\\lib\\application.js",
      "function": "Function.listen",
      "line": 635,
      "method": "listen",
      "native": false
    },
    {
      "column": 5,
      "file": "C:\\Users\\ditsd\\Desktop\\busTicketBooking\\customer\\index.ts",
      "function": null,
      "line": 12,
      "method": null,
      "native": false
    },
    {
      "column": 14,
      "file": "node:internal/modules/cjs/loader",
      "function": "Module._compile",
      "line": 1241,
      "method": "_compile",
      "native": false
    },
    {
      "column": 23,
      "file": "C:\\Users\\ditsd\\AppData\\Roaming\\nvm\\v20.9.0\\node_modules\\ts-node\\src\\index.ts",
      "function": "Module.m._compile",
      "line": 1618,
      "method": "_compile",
      "native": false
    },
    {
      "column": 10,
      "file": "node:internal/modules/cjs/loader",
      "function": "Module._extensions..js",
      "line": 1295,
      "method": ".js",
      "native": false
    },
    {
      "column": 12,
      "file": "C:\\Users\\ditsd\\AppData\\Roaming\\nvm\\v20.9.0\\node_modules\\ts-node\\src\\index.ts",
      "function": "Object.require.extensions.<computed> [as .ts]",
      "line": 1621,
      "method": "ts]",
      "native": false
    }
  ]
}
