2024-04-17 04:23:09 - 5ec0516b-615c-4b60-9cc2-6b7d6f12b242 - error: uncaughtException: Cannot read properties of undefined (reading 'apply')
TypeError: Cannot read properties of undefined (reading 'apply')
    at C:\Users\ditsd\Desktop\busTicketBooking\customer\node_modules\express\lib\router\index.js:646:15
    at next (C:\Users\ditsd\Desktop\busTicketBooking\customer\node_modules\express\lib\router\index.js:216:14)
    at Function.handle (C:\Users\ditsd\Desktop\busTicketBooking\customer\node_modules\express\lib\router\index.js:175:3)
    at router (C:\Users\ditsd\Desktop\busTicketBooking\customer\node_modules\express\lib\router\index.js:47:12)
    at Object.<anonymous> (C:\Users\ditsd\Desktop\busTicketBooking\customer\index.ts:8:7)
    at Module._compile (node:internal/modules/cjs/loader:1241:14)
    at Module.m._compile (C:\Users\ditsd\AppData\Roaming\nvm\v20.9.0\node_modules\ts-node\src\index.ts:1618:23)
    at Module._extensions..js (node:internal/modules/cjs/loader:1295:10)
    at Object.require.extensions.<computed> [as .ts] (C:\Users\ditsd\AppData\Roaming\nvm\v20.9.0\node_modules\ts-node\src\index.ts:1621:12)
    at Module.load (node:internal/modules/cjs/loader:1091:32) {
  "error": {},
  "stack": "TypeError: Cannot read properties of undefined (reading 'apply')\n    at C:\\Users\\ditsd\\Desktop\\busTicketBooking\\customer\\node_modules\\express\\lib\\router\\index.js:646:15\n    at next (C:\\Users\\ditsd\\Desktop\\busTicketBooking\\customer\\node_modules\\express\\lib\\router\\index.js:216:14)\n    at Function.handle (C:\\Users\\ditsd\\Desktop\\busTicketBooking\\customer\\node_modules\\express\\lib\\router\\index.js:175:3)\n    at router (C:\\Users\\ditsd\\Desktop\\busTicketBooking\\customer\\node_modules\\express\\lib\\router\\index.js:47:12)\n    at Object.<anonymous> (C:\\Users\\ditsd\\Desktop\\busTicketBooking\\customer\\index.ts:8:7)\n    at Module._compile (node:internal/modules/cjs/loader:1241:14)\n    at Module.m._compile (C:\\Users\\ditsd\\AppData\\Roaming\\nvm\\v20.9.0\\node_modules\\ts-node\\src\\index.ts:1618:23)\n    at Module._extensions..js (node:internal/modules/cjs/loader:1295:10)\n    at Object.require.extensions.<computed> [as .ts] (C:\\Users\\ditsd\\AppData\\Roaming\\nvm\\v20.9.0\\node_modules\\ts-node\\src\\index.ts:1621:12)\n    at Module.load (node:internal/modules/cjs/loader:1091:32)",
  "exception": true,
  "date": "Wed Apr 17 2024 09:53:09 GMT+0530 (India Standard Time)",
  "process": {
    "pid": 18772,
    "uid": null,
    "gid": null,
    "cwd": "C:\\Users\\ditsd\\Desktop\\busTicketBooking\\customer",
    "execPath": "C:\\Program Files\\nodejs\\node.exe",
    "version": "v20.9.0",
    "argv": [
      "C:\\Program Files\\nodejs\\node_modules\\ts-node\\dist\\bin.js",
      "C:\\Users\\ditsd\\Desktop\\busTicketBooking\\customer\\index.ts"
    ],
    "memoryUsage": {
      "rss": 215142400,
      "heapTotal": 169824256,
      "heapUsed": 149366688,
      "external": 5473203,
      "arrayBuffers": 2459963
    }
  },
  "os": {
    "loadavg": [
      0,
      0,
      0
    ],
    "uptime": 146836.203
  },
  "trace": [
    {
      "column": 15,
      "file": "C:\\Users\\ditsd\\Desktop\\busTicketBooking\\customer\\node_modules\\express\\lib\\router\\index.js",
      "function": null,
      "line": 646,
      "method": null,
      "native": false
    },
    {
      "column": 14,
      "file": "C:\\Users\\ditsd\\Desktop\\busTicketBooking\\customer\\node_modules\\express\\lib\\router\\index.js",
      "function": "next",
      "line": 216,
      "method": null,
      "native": false
    },
    {
      "column": 3,
      "file": "C:\\Users\\ditsd\\Desktop\\busTicketBooking\\customer\\node_modules\\express\\lib\\router\\index.js",
      "function": "Function.handle",
      "line": 175,
      "method": "handle",
      "native": false
    },
    {
      "column": 12,
      "file": "C:\\Users\\ditsd\\Desktop\\busTicketBooking\\customer\\node_modules\\express\\lib\\router\\index.js",
      "function": "router",
      "line": 47,
      "method": null,
      "native": false
    },
    {
      "column": 7,
      "file": "C:\\Users\\ditsd\\Desktop\\busTicketBooking\\customer\\index.ts",
      "function": null,
      "line": 8,
      "method": null,
      "native": false
    },
    {
      "column": 14,
      "file": "node:internal/modules/cjs/loader",
      "function": "Module._compile",
      "line": 1241,
      "method": "_compile",
      "native": false
    },
    {
      "column": 23,
      "file": "C:\\Users\\ditsd\\AppData\\Roaming\\nvm\\v20.9.0\\node_modules\\ts-node\\src\\index.ts",
      "function": "Module.m._compile",
      "line": 1618,
      "method": "_compile",
      "native": false
    },
    {
      "column": 10,
      "file": "node:internal/modules/cjs/loader",
      "function": "Module._extensions..js",
      "line": 1295,
      "method": ".js",
      "native": false
    },
    {
      "column": 12,
      "file": "C:\\Users\\ditsd\\AppData\\Roaming\\nvm\\v20.9.0\\node_modules\\ts-node\\src\\index.ts",
      "function": "Object.require.extensions.<computed> [as .ts]",
      "line": 1621,
      "method": "ts]",
      "native": false
    },
    {
      "column": 32,
      "file": "node:internal/modules/cjs/loader",
      "function": "Module.load",
      "line": 1091,
      "method": "load",
      "native": false
    }
  ]
}
2024-04-17 04:25:12 - d5e9abd6-f97d-4a49-9d15-36e80f90a7b4 - error: uncaughtException: Cannot read properties of undefined (reading 'apply')
TypeError: Cannot read properties of undefined (reading 'apply')
    at C:\Users\ditsd\Desktop\busTicketBooking\customer\node_modules\express\lib\router\index.js:646:15
    at next (C:\Users\ditsd\Desktop\busTicketBooking\customer\node_modules\express\lib\router\index.js:216:14)
    at Function.handle (C:\Users\ditsd\Desktop\busTicketBooking\customer\node_modules\express\lib\router\index.js:175:3)
    at router (C:\Users\ditsd\Desktop\busTicketBooking\customer\node_modules\express\lib\router\index.js:47:12)
    at Object.<anonymous> (C:\Users\ditsd\Desktop\busTicketBooking\customer\index.ts:10:7)
    at Module._compile (node:internal/modules/cjs/loader:1241:14)
    at Module.m._compile (C:\Users\ditsd\AppData\Roaming\nvm\v20.9.0\node_modules\ts-node\src\index.ts:1618:23)
    at Module._extensions..js (node:internal/modules/cjs/loader:1295:10)
    at Object.require.extensions.<computed> [as .ts] (C:\Users\ditsd\AppData\Roaming\nvm\v20.9.0\node_modules\ts-node\src\index.ts:1621:12)
    at Module.load (node:internal/modules/cjs/loader:1091:32) {
  "error": {},
  "stack": "TypeError: Cannot read properties of undefined (reading 'apply')\n    at C:\\Users\\ditsd\\Desktop\\busTicketBooking\\customer\\node_modules\\express\\lib\\router\\index.js:646:15\n    at next (C:\\Users\\ditsd\\Desktop\\busTicketBooking\\customer\\node_modules\\express\\lib\\router\\index.js:216:14)\n    at Function.handle (C:\\Users\\ditsd\\Desktop\\busTicketBooking\\customer\\node_modules\\express\\lib\\router\\index.js:175:3)\n    at router (C:\\Users\\ditsd\\Desktop\\busTicketBooking\\customer\\node_modules\\express\\lib\\router\\index.js:47:12)\n    at Object.<anonymous> (C:\\Users\\ditsd\\Desktop\\busTicketBooking\\customer\\index.ts:10:7)\n    at Module._compile (node:internal/modules/cjs/loader:1241:14)\n    at Module.m._compile (C:\\Users\\ditsd\\AppData\\Roaming\\nvm\\v20.9.0\\node_modules\\ts-node\\src\\index.ts:1618:23)\n    at Module._extensions..js (node:internal/modules/cjs/loader:1295:10)\n    at Object.require.extensions.<computed> [as .ts] (C:\\Users\\ditsd\\AppData\\Roaming\\nvm\\v20.9.0\\node_modules\\ts-node\\src\\index.ts:1621:12)\n    at Module.load (node:internal/modules/cjs/loader:1091:32)",
  "exception": true,
  "date": "Wed Apr 17 2024 09:55:12 GMT+0530 (India Standard Time)",
  "process": {
    "pid": 16016,
    "uid": null,
    "gid": null,
    "cwd": "C:\\Users\\ditsd\\Desktop\\busTicketBooking\\customer",
    "execPath": "C:\\Program Files\\nodejs\\node.exe",
    "version": "v20.9.0",
    "argv": [
      "C:\\Program Files\\nodejs\\node_modules\\ts-node\\dist\\bin.js",
      "C:\\Users\\ditsd\\Desktop\\busTicketBooking\\customer\\index.ts"
    ],
    "memoryUsage": {
      "rss": 217735168,
      "heapTotal": 171397120,
      "heapUsed": 139494920,
      "external": 5473187,
      "arrayBuffers": 2451755
    }
  },
  "os": {
    "loadavg": [
      0,
      0,
      0
    ],
    "uptime": 146961.687
  },
  "trace": [
    {
      "column": 15,
      "file": "C:\\Users\\ditsd\\Desktop\\busTicketBooking\\customer\\node_modules\\express\\lib\\router\\index.js",
      "function": null,
      "line": 646,
      "method": null,
      "native": false
    },
    {
      "column": 14,
      "file": "C:\\Users\\ditsd\\Desktop\\busTicketBooking\\customer\\node_modules\\express\\lib\\router\\index.js",
      "function": "next",
      "line": 216,
      "method": null,
      "native": false
    },
    {
      "column": 3,
      "file": "C:\\Users\\ditsd\\Desktop\\busTicketBooking\\customer\\node_modules\\express\\lib\\router\\index.js",
      "function": "Function.handle",
      "line": 175,
      "method": "handle",
      "native": false
    },
    {
      "column": 12,
      "file": "C:\\Users\\ditsd\\Desktop\\busTicketBooking\\customer\\node_modules\\express\\lib\\router\\index.js",
      "function": "router",
      "line": 47,
      "method": null,
      "native": false
    },
    {
      "column": 7,
      "file": "C:\\Users\\ditsd\\Desktop\\busTicketBooking\\customer\\index.ts",
      "function": null,
      "line": 10,
      "method": null,
      "native": false
    },
    {
      "column": 14,
      "file": "node:internal/modules/cjs/loader",
      "function": "Module._compile",
      "line": 1241,
      "method": "_compile",
      "native": false
    },
    {
      "column": 23,
      "file": "C:\\Users\\ditsd\\AppData\\Roaming\\nvm\\v20.9.0\\node_modules\\ts-node\\src\\index.ts",
      "function": "Module.m._compile",
      "line": 1618,
      "method": "_compile",
      "native": false
    },
    {
      "column": 10,
      "file": "node:internal/modules/cjs/loader",
      "function": "Module._extensions..js",
      "line": 1295,
      "method": ".js",
      "native": false
    },
    {
      "column": 12,
      "file": "C:\\Users\\ditsd\\AppData\\Roaming\\nvm\\v20.9.0\\node_modules\\ts-node\\src\\index.ts",
      "function": "Object.require.extensions.<computed> [as .ts]",
      "line": 1621,
      "method": "ts]",
      "native": false
    },
    {
      "column": 32,
      "file": "node:internal/modules/cjs/loader",
      "function": "Module.load",
      "line": 1091,
      "method": "load",
      "native": false
    }
  ]
}
2024-04-17 04:25:23 - b8127e68-164d-42de-8189-bc4f591a4797 - error: uncaughtException: Cannot read properties of undefined (reading 'apply')
TypeError: Cannot read properties of undefined (reading 'apply')
    at C:\Users\ditsd\Desktop\busTicketBooking\customer\node_modules\express\lib\router\index.js:646:15
    at next (C:\Users\ditsd\Desktop\busTicketBooking\customer\node_modules\express\lib\router\index.js:216:14)
    at Function.handle (C:\Users\ditsd\Desktop\busTicketBooking\customer\node_modules\express\lib\router\index.js:175:3)
    at router (C:\Users\ditsd\Desktop\busTicketBooking\customer\node_modules\express\lib\router\index.js:47:12)
    at Object.<anonymous> (C:\Users\ditsd\Desktop\busTicketBooking\customer\index.ts:10:7)
    at Module._compile (node:internal/modules/cjs/loader:1241:14)
    at Module.m._compile (C:\Users\ditsd\AppData\Roaming\nvm\v20.9.0\node_modules\ts-node\src\index.ts:1618:23)
    at Module._extensions..js (node:internal/modules/cjs/loader:1295:10)
    at Object.require.extensions.<computed> [as .ts] (C:\Users\ditsd\AppData\Roaming\nvm\v20.9.0\node_modules\ts-node\src\index.ts:1621:12)
    at Module.load (node:internal/modules/cjs/loader:1091:32) {
  "error": {},
  "stack": "TypeError: Cannot read properties of undefined (reading 'apply')\n    at C:\\Users\\ditsd\\Desktop\\busTicketBooking\\customer\\node_modules\\express\\lib\\router\\index.js:646:15\n    at next (C:\\Users\\ditsd\\Desktop\\busTicketBooking\\customer\\node_modules\\express\\lib\\router\\index.js:216:14)\n    at Function.handle (C:\\Users\\ditsd\\Desktop\\busTicketBooking\\customer\\node_modules\\express\\lib\\router\\index.js:175:3)\n    at router (C:\\Users\\ditsd\\Desktop\\busTicketBooking\\customer\\node_modules\\express\\lib\\router\\index.js:47:12)\n    at Object.<anonymous> (C:\\Users\\ditsd\\Desktop\\busTicketBooking\\customer\\index.ts:10:7)\n    at Module._compile (node:internal/modules/cjs/loader:1241:14)\n    at Module.m._compile (C:\\Users\\ditsd\\AppData\\Roaming\\nvm\\v20.9.0\\node_modules\\ts-node\\src\\index.ts:1618:23)\n    at Module._extensions..js (node:internal/modules/cjs/loader:1295:10)\n    at Object.require.extensions.<computed> [as .ts] (C:\\Users\\ditsd\\AppData\\Roaming\\nvm\\v20.9.0\\node_modules\\ts-node\\src\\index.ts:1621:12)\n    at Module.load (node:internal/modules/cjs/loader:1091:32)",
  "exception": true,
  "date": "Wed Apr 17 2024 09:55:23 GMT+0530 (India Standard Time)",
  "process": {
    "pid": 19332,
    "uid": null,
    "gid": null,
    "cwd": "C:\\Users\\ditsd\\Desktop\\busTicketBooking\\customer",
    "execPath": "C:\\Program Files\\nodejs\\node.exe",
    "version": "v20.9.0",
    "argv": [
      "C:\\Program Files\\nodejs\\node_modules\\ts-node\\dist\\bin.js",
      "C:\\Users\\ditsd\\Desktop\\busTicketBooking\\customer\\index.ts"
    ],
    "memoryUsage": {
      "rss": 216236032,
      "heapTotal": 169562112,
      "heapUsed": 148248896,
      "external": 5473059,
      "arrayBuffers": 2459819
    }
  },
  "os": {
    "loadavg": [
      0,
      0,
      0
    ],
    "uptime": 146972.437
  },
  "trace": [
    {
      "column": 15,
      "file": "C:\\Users\\ditsd\\Desktop\\busTicketBooking\\customer\\node_modules\\express\\lib\\router\\index.js",
      "function": null,
      "line": 646,
      "method": null,
      "native": false
    },
    {
      "column": 14,
      "file": "C:\\Users\\ditsd\\Desktop\\busTicketBooking\\customer\\node_modules\\express\\lib\\router\\index.js",
      "function": "next",
      "line": 216,
      "method": null,
      "native": false
    },
    {
      "column": 3,
      "file": "C:\\Users\\ditsd\\Desktop\\busTicketBooking\\customer\\node_modules\\express\\lib\\router\\index.js",
      "function": "Function.handle",
      "line": 175,
      "method": "handle",
      "native": false
    },
    {
      "column": 12,
      "file": "C:\\Users\\ditsd\\Desktop\\busTicketBooking\\customer\\node_modules\\express\\lib\\router\\index.js",
      "function": "router",
      "line": 47,
      "method": null,
      "native": false
    },
    {
      "column": 7,
      "file": "C:\\Users\\ditsd\\Desktop\\busTicketBooking\\customer\\index.ts",
      "function": null,
      "line": 10,
      "method": null,
      "native": false
    },
    {
      "column": 14,
      "file": "node:internal/modules/cjs/loader",
      "function": "Module._compile",
      "line": 1241,
      "method": "_compile",
      "native": false
    },
    {
      "column": 23,
      "file": "C:\\Users\\ditsd\\AppData\\Roaming\\nvm\\v20.9.0\\node_modules\\ts-node\\src\\index.ts",
      "function": "Module.m._compile",
      "line": 1618,
      "method": "_compile",
      "native": false
    },
    {
      "column": 10,
      "file": "node:internal/modules/cjs/loader",
      "function": "Module._extensions..js",
      "line": 1295,
      "method": ".js",
      "native": false
    },
    {
      "column": 12,
      "file": "C:\\Users\\ditsd\\AppData\\Roaming\\nvm\\v20.9.0\\node_modules\\ts-node\\src\\index.ts",
      "function": "Object.require.extensions.<computed> [as .ts]",
      "line": 1621,
      "method": "ts]",
      "native": false
    },
    {
      "column": 32,
      "file": "node:internal/modules/cjs/loader",
      "function": "Module.load",
      "line": 1091,
      "method": "load",
      "native": false
    }
  ]
}
2024-04-17 13:40:21 - 0a005975-d212-4974-99c4-98254797ad04 - error: uncaughtException: listen EADDRINUSE: address already in use :::3000
Error: listen EADDRINUSE: address already in use :::3000
    at Server.setupListenHandle (node:net:1872:16)
    at Server._listen2 (C:\Users\ditsd\Desktop\busTicketBooking\customer\node_modules\async-listener\index.js:97:23)
    at listenInCluster (node:net:1920:12)
    at Server.listen (node:net:2008:7)
    at Function.listen (C:\Users\ditsd\Desktop\busTicketBooking\customer\node_modules\express\lib\application.js:635:24)
    at Object.<anonymous> (C:\Users\ditsd\Desktop\busTicketBooking\customer\index.ts:12:5)
    at Module._compile (node:internal/modules/cjs/loader:1241:14)
    at Module.m._compile (C:\Users\ditsd\AppData\Roaming\nvm\v20.9.0\node_modules\ts-node\src\index.ts:1618:23)
    at Module._extensions..js (node:internal/modules/cjs/loader:1295:10)
    at Object.require.extensions.<computed> [as .ts] (C:\Users\ditsd\AppData\Roaming\nvm\v20.9.0\node_modules\ts-node\src\index.ts:1621:12) {
  "error": {
    "code": "EADDRINUSE",
    "errno": -4091,
    "syscall": "listen",
    "address": "::",
    "port": 3000
  },
  "stack": "Error: listen EADDRINUSE: address already in use :::3000\n    at Server.setupListenHandle (node:net:1872:16)\n    at Server._listen2 (C:\\Users\\ditsd\\Desktop\\busTicketBooking\\customer\\node_modules\\async-listener\\index.js:97:23)\n    at listenInCluster (node:net:1920:12)\n    at Server.listen (node:net:2008:7)\n    at Function.listen (C:\\Users\\ditsd\\Desktop\\busTicketBooking\\customer\\node_modules\\express\\lib\\application.js:635:24)\n    at Object.<anonymous> (C:\\Users\\ditsd\\Desktop\\busTicketBooking\\customer\\index.ts:12:5)\n    at Module._compile (node:internal/modules/cjs/loader:1241:14)\n    at Module.m._compile (C:\\Users\\ditsd\\AppData\\Roaming\\nvm\\v20.9.0\\node_modules\\ts-node\\src\\index.ts:1618:23)\n    at Module._extensions..js (node:internal/modules/cjs/loader:1295:10)\n    at Object.require.extensions.<computed> [as .ts] (C:\\Users\\ditsd\\AppData\\Roaming\\nvm\\v20.9.0\\node_modules\\ts-node\\src\\index.ts:1621:12)",
  "exception": true,
  "date": "Wed Apr 17 2024 19:10:21 GMT+0530 (India Standard Time)",
  "process": {
    "pid": 20384,
    "uid": null,
    "gid": null,
    "cwd": "C:\\Users\\ditsd\\Desktop\\busTicketBooking\\customer",
    "execPath": "C:\\Program Files\\nodejs\\node.exe",
    "version": "v20.9.0",
    "argv": [
      "C:\\Program Files\\nodejs\\node_modules\\ts-node\\dist\\bin.js",
      "C:\\Users\\ditsd\\Desktop\\busTicketBooking\\customer\\index.ts"
    ],
    "memoryUsage": {
      "rss": 217550848,
      "heapTotal": 175067136,
      "heapUsed": 148604096,
      "external": 5492340,
      "arrayBuffers": 2459923
    }
  },
  "os": {
    "loadavg": [
      0,
      0,
      0
    ],
    "uptime": 28374.734
  },
  "trace": [
    {
      "column": 16,
      "file": "node:net",
      "function": "Server.setupListenHandle",
      "line": 1872,
      "method": "setupListenHandle",
      "native": false
    },
    {
      "column": 23,
      "file": "C:\\Users\\ditsd\\Desktop\\busTicketBooking\\customer\\node_modules\\async-listener\\index.js",
      "function": "Server._listen2",
      "line": 97,
      "method": "_listen2",
      "native": false
    },
    {
      "column": 12,
      "file": "node:net",
      "function": "listenInCluster",
      "line": 1920,
      "method": null,
      "native": false
    },
    {
      "column": 7,
      "file": "node:net",
      "function": "Server.listen",
      "line": 2008,
      "method": "listen",
      "native": false
    },
    {
      "column": 24,
      "file": "C:\\Users\\ditsd\\Desktop\\busTicketBooking\\customer\\node_modules\\express\\lib\\application.js",
      "function": "Function.listen",
      "line": 635,
      "method": "listen",
      "native": false
    },
    {
      "column": 5,
      "file": "C:\\Users\\ditsd\\Desktop\\busTicketBooking\\customer\\index.ts",
      "function": null,
      "line": 12,
      "method": null,
      "native": false
    },
    {
      "column": 14,
      "file": "node:internal/modules/cjs/loader",
      "function": "Module._compile",
      "line": 1241,
      "method": "_compile",
      "native": false
    },
    {
      "column": 23,
      "file": "C:\\Users\\ditsd\\AppData\\Roaming\\nvm\\v20.9.0\\node_modules\\ts-node\\src\\index.ts",
      "function": "Module.m._compile",
      "line": 1618,
      "method": "_compile",
      "native": false
    },
    {
      "column": 10,
      "file": "node:internal/modules/cjs/loader",
      "function": "Module._extensions..js",
      "line": 1295,
      "method": ".js",
      "native": false
    },
    {
      "column": 12,
      "file": "C:\\Users\\ditsd\\AppData\\Roaming\\nvm\\v20.9.0\\node_modules\\ts-node\\src\\index.ts",
      "function": "Object.require.extensions.<computed> [as .ts]",
      "line": 1621,
      "method": "ts]",
      "native": false
    }
  ]
}
2024-04-17 13:41:34 - f43cf2a5-eba5-4fe9-ac77-16ea7424b3bd - error: uncaughtException: listen EADDRINUSE: address already in use :::3000
Error: listen EADDRINUSE: address already in use :::3000
    at Server.setupListenHandle (node:net:1872:16)
    at Server._listen2 (C:\Users\ditsd\Desktop\busTicketBooking\customer\node_modules\async-listener\index.js:97:23)
    at listenInCluster (node:net:1920:12)
    at Server.listen (node:net:2008:7)
    at Function.listen (C:\Users\ditsd\Desktop\busTicketBooking\customer\node_modules\express\lib\application.js:635:24)
    at Object.<anonymous> (C:\Users\ditsd\Desktop\busTicketBooking\customer\index.ts:12:5)
    at Module._compile (node:internal/modules/cjs/loader:1241:14)
    at Module.m._compile (C:\Users\ditsd\AppData\Roaming\nvm\v20.9.0\node_modules\ts-node\src\index.ts:1618:23)
    at Module._extensions..js (node:internal/modules/cjs/loader:1295:10)
    at Object.require.extensions.<computed> [as .ts] (C:\Users\ditsd\AppData\Roaming\nvm\v20.9.0\node_modules\ts-node\src\index.ts:1621:12) {
  "error": {
    "code": "EADDRINUSE",
    "errno": -4091,
    "syscall": "listen",
    "address": "::",
    "port": 3000
  },
  "stack": "Error: listen EADDRINUSE: address already in use :::3000\n    at Server.setupListenHandle (node:net:1872:16)\n    at Server._listen2 (C:\\Users\\ditsd\\Desktop\\busTicketBooking\\customer\\node_modules\\async-listener\\index.js:97:23)\n    at listenInCluster (node:net:1920:12)\n    at Server.listen (node:net:2008:7)\n    at Function.listen (C:\\Users\\ditsd\\Desktop\\busTicketBooking\\customer\\node_modules\\express\\lib\\application.js:635:24)\n    at Object.<anonymous> (C:\\Users\\ditsd\\Desktop\\busTicketBooking\\customer\\index.ts:12:5)\n    at Module._compile (node:internal/modules/cjs/loader:1241:14)\n    at Module.m._compile (C:\\Users\\ditsd\\AppData\\Roaming\\nvm\\v20.9.0\\node_modules\\ts-node\\src\\index.ts:1618:23)\n    at Module._extensions..js (node:internal/modules/cjs/loader:1295:10)\n    at Object.require.extensions.<computed> [as .ts] (C:\\Users\\ditsd\\AppData\\Roaming\\nvm\\v20.9.0\\node_modules\\ts-node\\src\\index.ts:1621:12)",
  "exception": true,
  "date": "Wed Apr 17 2024 19:11:34 GMT+0530 (India Standard Time)",
  "process": {
    "pid": 4916,
    "uid": null,
    "gid": null,
    "cwd": "C:\\Users\\ditsd\\Desktop\\busTicketBooking\\customer",
    "execPath": "C:\\Program Files\\nodejs\\node.exe",
    "version": "v20.9.0",
    "argv": [
      "C:\\Program Files\\nodejs\\node_modules\\ts-node\\dist\\bin.js",
      "C:\\Users\\ditsd\\Desktop\\busTicketBooking\\customer\\index.ts"
    ],
    "memoryUsage": {
      "rss": 218849280,
      "heapTotal": 175329280,
      "heapUsed": 149497104,
      "external": 5498648,
      "arrayBuffers": 2459883
    }
  },
  "os": {
    "loadavg": [
      0,
      0,
      0
    ],
    "uptime": 28447.437
  },
  "trace": [
    {
      "column": 16,
      "file": "node:net",
      "function": "Server.setupListenHandle",
      "line": 1872,
      "method": "setupListenHandle",
      "native": false
    },
    {
      "column": 23,
      "file": "C:\\Users\\ditsd\\Desktop\\busTicketBooking\\customer\\node_modules\\async-listener\\index.js",
      "function": "Server._listen2",
      "line": 97,
      "method": "_listen2",
      "native": false
    },
    {
      "column": 12,
      "file": "node:net",
      "function": "listenInCluster",
      "line": 1920,
      "method": null,
      "native": false
    },
    {
      "column": 7,
      "file": "node:net",
      "function": "Server.listen",
      "line": 2008,
      "method": "listen",
      "native": false
    },
    {
      "column": 24,
      "file": "C:\\Users\\ditsd\\Desktop\\busTicketBooking\\customer\\node_modules\\express\\lib\\application.js",
      "function": "Function.listen",
      "line": 635,
      "method": "listen",
      "native": false
    },
    {
      "column": 5,
      "file": "C:\\Users\\ditsd\\Desktop\\busTicketBooking\\customer\\index.ts",
      "function": null,
      "line": 12,
      "method": null,
      "native": false
    },
    {
      "column": 14,
      "file": "node:internal/modules/cjs/loader",
      "function": "Module._compile",
      "line": 1241,
      "method": "_compile",
      "native": false
    },
    {
      "column": 23,
      "file": "C:\\Users\\ditsd\\AppData\\Roaming\\nvm\\v20.9.0\\node_modules\\ts-node\\src\\index.ts",
      "function": "Module.m._compile",
      "line": 1618,
      "method": "_compile",
      "native": false
    },
    {
      "column": 10,
      "file": "node:internal/modules/cjs/loader",
      "function": "Module._extensions..js",
      "line": 1295,
      "method": ".js",
      "native": false
    },
    {
      "column": 12,
      "file": "C:\\Users\\ditsd\\AppData\\Roaming\\nvm\\v20.9.0\\node_modules\\ts-node\\src\\index.ts",
      "function": "Object.require.extensions.<computed> [as .ts]",
      "line": 1621,
      "method": "ts]",
      "native": false
    }
  ]
}
2024-04-17 13:41:53 - a1587140-486e-4d84-8d43-add3eef78b3d - error: uncaughtException: listen EADDRINUSE: address already in use :::3000
Error: listen EADDRINUSE: address already in use :::3000
    at Server.setupListenHandle (node:net:1872:16)
    at Server._listen2 (C:\Users\ditsd\Desktop\busTicketBooking\customer\node_modules\async-listener\index.js:97:23)
    at listenInCluster (node:net:1920:12)
    at Server.listen (node:net:2008:7)
    at Function.listen (C:\Users\ditsd\Desktop\busTicketBooking\customer\node_modules\express\lib\application.js:635:24)
    at Object.<anonymous> (C:\Users\ditsd\Desktop\busTicketBooking\customer\index.ts:12:5)
    at Module._compile (node:internal/modules/cjs/loader:1241:14)
    at Module.m._compile (C:\Users\ditsd\AppData\Roaming\nvm\v20.9.0\node_modules\ts-node\src\index.ts:1618:23)
    at Module._extensions..js (node:internal/modules/cjs/loader:1295:10)
    at Object.require.extensions.<computed> [as .ts] (C:\Users\ditsd\AppData\Roaming\nvm\v20.9.0\node_modules\ts-node\src\index.ts:1621:12) {
  "error": {
    "code": "EADDRINUSE",
    "errno": -4091,
    "syscall": "listen",
    "address": "::",
    "port": 3000
  },
  "stack": "Error: listen EADDRINUSE: address already in use :::3000\n    at Server.setupListenHandle (node:net:1872:16)\n    at Server._listen2 (C:\\Users\\ditsd\\Desktop\\busTicketBooking\\customer\\node_modules\\async-listener\\index.js:97:23)\n    at listenInCluster (node:net:1920:12)\n    at Server.listen (node:net:2008:7)\n    at Function.listen (C:\\Users\\ditsd\\Desktop\\busTicketBooking\\customer\\node_modules\\express\\lib\\application.js:635:24)\n    at Object.<anonymous> (C:\\Users\\ditsd\\Desktop\\busTicketBooking\\customer\\index.ts:12:5)\n    at Module._compile (node:internal/modules/cjs/loader:1241:14)\n    at Module.m._compile (C:\\Users\\ditsd\\AppData\\Roaming\\nvm\\v20.9.0\\node_modules\\ts-node\\src\\index.ts:1618:23)\n    at Module._extensions..js (node:internal/modules/cjs/loader:1295:10)\n    at Object.require.extensions.<computed> [as .ts] (C:\\Users\\ditsd\\AppData\\Roaming\\nvm\\v20.9.0\\node_modules\\ts-node\\src\\index.ts:1621:12)",
  "exception": true,
  "date": "Wed Apr 17 2024 19:11:53 GMT+0530 (India Standard Time)",
  "process": {
    "pid": 3960,
    "uid": null,
    "gid": null,
    "cwd": "C:\\Users\\ditsd\\Desktop\\busTicketBooking\\customer",
    "execPath": "C:\\Program Files\\nodejs\\node.exe",
    "version": "v20.9.0",
    "argv": [
      "C:\\Program Files\\nodejs\\node_modules\\ts-node\\dist\\bin.js",
      "C:\\Users\\ditsd\\Desktop\\busTicketBooking\\customer\\index.ts"
    ],
    "memoryUsage": {
      "rss": 217583616,
      "heapTotal": 175067136,
      "heapUsed": 148946488,
      "external": 5498632,
      "arrayBuffers": 2459867
    }
  },
  "os": {
    "loadavg": [
      0,
      0,
      0
    ],
    "uptime": 28466.328
  },
  "trace": [
    {
      "column": 16,
      "file": "node:net",
      "function": "Server.setupListenHandle",
      "line": 1872,
      "method": "setupListenHandle",
      "native": false
    },
    {
      "column": 23,
      "file": "C:\\Users\\ditsd\\Desktop\\busTicketBooking\\customer\\node_modules\\async-listener\\index.js",
      "function": "Server._listen2",
      "line": 97,
      "method": "_listen2",
      "native": false
    },
    {
      "column": 12,
      "file": "node:net",
      "function": "listenInCluster",
      "line": 1920,
      "method": null,
      "native": false
    },
    {
      "column": 7,
      "file": "node:net",
      "function": "Server.listen",
      "line": 2008,
      "method": "listen",
      "native": false
    },
    {
      "column": 24,
      "file": "C:\\Users\\ditsd\\Desktop\\busTicketBooking\\customer\\node_modules\\express\\lib\\application.js",
      "function": "Function.listen",
      "line": 635,
      "method": "listen",
      "native": false
    },
    {
      "column": 5,
      "file": "C:\\Users\\ditsd\\Desktop\\busTicketBooking\\customer\\index.ts",
      "function": null,
      "line": 12,
      "method": null,
      "native": false
    },
    {
      "column": 14,
      "file": "node:internal/modules/cjs/loader",
      "function": "Module._compile",
      "line": 1241,
      "method": "_compile",
      "native": false
    },
    {
      "column": 23,
      "file": "C:\\Users\\ditsd\\AppData\\Roaming\\nvm\\v20.9.0\\node_modules\\ts-node\\src\\index.ts",
      "function": "Module.m._compile",
      "line": 1618,
      "method": "_compile",
      "native": false
    },
    {
      "column": 10,
      "file": "node:internal/modules/cjs/loader",
      "function": "Module._extensions..js",
      "line": 1295,
      "method": ".js",
      "native": false
    },
    {
      "column": 12,
      "file": "C:\\Users\\ditsd\\AppData\\Roaming\\nvm\\v20.9.0\\node_modules\\ts-node\\src\\index.ts",
      "function": "Object.require.extensions.<computed> [as .ts]",
      "line": 1621,
      "method": "ts]",
      "native": false
    }
  ]
}
2024-04-17 13:42:14 - 682f0790-52d8-440c-846e-d47f51de4374 - error: uncaughtException: listen EADDRINUSE: address already in use :::3000
Error: listen EADDRINUSE: address already in use :::3000
    at Server.setupListenHandle (node:net:1872:16)
    at Server._listen2 (C:\Users\ditsd\Desktop\busTicketBooking\customer\node_modules\async-listener\index.js:97:23)
    at listenInCluster (node:net:1920:12)
    at Server.listen (node:net:2008:7)
    at Function.listen (C:\Users\ditsd\Desktop\busTicketBooking\customer\node_modules\express\lib\application.js:635:24)
    at Object.<anonymous> (C:\Users\ditsd\Desktop\busTicketBooking\customer\index.ts:12:5)
    at Module._compile (node:internal/modules/cjs/loader:1241:14)
    at Module.m._compile (C:\Users\ditsd\AppData\Roaming\nvm\v20.9.0\node_modules\ts-node\src\index.ts:1618:23)
    at Module._extensions..js (node:internal/modules/cjs/loader:1295:10)
    at Object.require.extensions.<computed> [as .ts] (C:\Users\ditsd\AppData\Roaming\nvm\v20.9.0\node_modules\ts-node\src\index.ts:1621:12) {
  "error": {
    "code": "EADDRINUSE",
    "errno": -4091,
    "syscall": "listen",
    "address": "::",
    "port": 3000
  },
  "stack": "Error: listen EADDRINUSE: address already in use :::3000\n    at Server.setupListenHandle (node:net:1872:16)\n    at Server._listen2 (C:\\Users\\ditsd\\Desktop\\busTicketBooking\\customer\\node_modules\\async-listener\\index.js:97:23)\n    at listenInCluster (node:net:1920:12)\n    at Server.listen (node:net:2008:7)\n    at Function.listen (C:\\Users\\ditsd\\Desktop\\busTicketBooking\\customer\\node_modules\\express\\lib\\application.js:635:24)\n    at Object.<anonymous> (C:\\Users\\ditsd\\Desktop\\busTicketBooking\\customer\\index.ts:12:5)\n    at Module._compile (node:internal/modules/cjs/loader:1241:14)\n    at Module.m._compile (C:\\Users\\ditsd\\AppData\\Roaming\\nvm\\v20.9.0\\node_modules\\ts-node\\src\\index.ts:1618:23)\n    at Module._extensions..js (node:internal/modules/cjs/loader:1295:10)\n    at Object.require.extensions.<computed> [as .ts] (C:\\Users\\ditsd\\AppData\\Roaming\\nvm\\v20.9.0\\node_modules\\ts-node\\src\\index.ts:1621:12)",
  "exception": true,
  "date": "Wed Apr 17 2024 19:12:14 GMT+0530 (India Standard Time)",
  "process": {
    "pid": 16528,
    "uid": null,
    "gid": null,
    "cwd": "C:\\Users\\ditsd\\Desktop\\busTicketBooking\\customer",
    "execPath": "C:\\Program Files\\nodejs\\node.exe",
    "version": "v20.9.0",
    "argv": [
      "C:\\Program Files\\nodejs\\node_modules\\ts-node\\dist\\bin.js",
      "C:\\Users\\ditsd\\Desktop\\busTicketBooking\\customer\\index.ts"
    ],
    "memoryUsage": {
      "rss": 217440256,
      "heapTotal": 175067136,
      "heapUsed": 149199448,
      "external": 5498768,
      "arrayBuffers": 2460003
    }
  },
  "os": {
    "loadavg": [
      0,
      0,
      0
    ],
    "uptime": 28487.562
  },
  "trace": [
    {
      "column": 16,
      "file": "node:net",
      "function": "Server.setupListenHandle",
      "line": 1872,
      "method": "setupListenHandle",
      "native": false
    },
    {
      "column": 23,
      "file": "C:\\Users\\ditsd\\Desktop\\busTicketBooking\\customer\\node_modules\\async-listener\\index.js",
      "function": "Server._listen2",
      "line": 97,
      "method": "_listen2",
      "native": false
    },
    {
      "column": 12,
      "file": "node:net",
      "function": "listenInCluster",
      "line": 1920,
      "method": null,
      "native": false
    },
    {
      "column": 7,
      "file": "node:net",
      "function": "Server.listen",
      "line": 2008,
      "method": "listen",
      "native": false
    },
    {
      "column": 24,
      "file": "C:\\Users\\ditsd\\Desktop\\busTicketBooking\\customer\\node_modules\\express\\lib\\application.js",
      "function": "Function.listen",
      "line": 635,
      "method": "listen",
      "native": false
    },
    {
      "column": 5,
      "file": "C:\\Users\\ditsd\\Desktop\\busTicketBooking\\customer\\index.ts",
      "function": null,
      "line": 12,
      "method": null,
      "native": false
    },
    {
      "column": 14,
      "file": "node:internal/modules/cjs/loader",
      "function": "Module._compile",
      "line": 1241,
      "method": "_compile",
      "native": false
    },
    {
      "column": 23,
      "file": "C:\\Users\\ditsd\\AppData\\Roaming\\nvm\\v20.9.0\\node_modules\\ts-node\\src\\index.ts",
      "function": "Module.m._compile",
      "line": 1618,
      "method": "_compile",
      "native": false
    },
    {
      "column": 10,
      "file": "node:internal/modules/cjs/loader",
      "function": "Module._extensions..js",
      "line": 1295,
      "method": ".js",
      "native": false
    },
    {
      "column": 12,
      "file": "C:\\Users\\ditsd\\AppData\\Roaming\\nvm\\v20.9.0\\node_modules\\ts-node\\src\\index.ts",
      "function": "Object.require.extensions.<computed> [as .ts]",
      "line": 1621,
      "method": "ts]",
      "native": false
    }
  ]
}
2024-04-17 13:42:28 - e0432f4f-27cf-484e-9ccc-c8eab0ee13c4 - error: uncaughtException: listen EADDRINUSE: address already in use :::3000
Error: listen EADDRINUSE: address already in use :::3000
    at Server.setupListenHandle (node:net:1872:16)
    at Server._listen2 (C:\Users\ditsd\Desktop\busTicketBooking\customer\node_modules\async-listener\index.js:97:23)
    at listenInCluster (node:net:1920:12)
    at Server.listen (node:net:2008:7)
    at Function.listen (C:\Users\ditsd\Desktop\busTicketBooking\customer\node_modules\express\lib\application.js:635:24)
    at Object.<anonymous> (C:\Users\ditsd\Desktop\busTicketBooking\customer\index.ts:12:5)
    at Module._compile (node:internal/modules/cjs/loader:1241:14)
    at Module.m._compile (C:\Users\ditsd\AppData\Roaming\nvm\v20.9.0\node_modules\ts-node\src\index.ts:1618:23)
    at Module._extensions..js (node:internal/modules/cjs/loader:1295:10)
    at Object.require.extensions.<computed> [as .ts] (C:\Users\ditsd\AppData\Roaming\nvm\v20.9.0\node_modules\ts-node\src\index.ts:1621:12) {
  "error": {
    "code": "EADDRINUSE",
    "errno": -4091,
    "syscall": "listen",
    "address": "::",
    "port": 3000
  },
  "stack": "Error: listen EADDRINUSE: address already in use :::3000\n    at Server.setupListenHandle (node:net:1872:16)\n    at Server._listen2 (C:\\Users\\ditsd\\Desktop\\busTicketBooking\\customer\\node_modules\\async-listener\\index.js:97:23)\n    at listenInCluster (node:net:1920:12)\n    at Server.listen (node:net:2008:7)\n    at Function.listen (C:\\Users\\ditsd\\Desktop\\busTicketBooking\\customer\\node_modules\\express\\lib\\application.js:635:24)\n    at Object.<anonymous> (C:\\Users\\ditsd\\Desktop\\busTicketBooking\\customer\\index.ts:12:5)\n    at Module._compile (node:internal/modules/cjs/loader:1241:14)\n    at Module.m._compile (C:\\Users\\ditsd\\AppData\\Roaming\\nvm\\v20.9.0\\node_modules\\ts-node\\src\\index.ts:1618:23)\n    at Module._extensions..js (node:internal/modules/cjs/loader:1295:10)\n    at Object.require.extensions.<computed> [as .ts] (C:\\Users\\ditsd\\AppData\\Roaming\\nvm\\v20.9.0\\node_modules\\ts-node\\src\\index.ts:1621:12)",
  "exception": true,
  "date": "Wed Apr 17 2024 19:12:28 GMT+0530 (India Standard Time)",
  "process": {
    "pid": 3960,
    "uid": null,
    "gid": null,
    "cwd": "C:\\Users\\ditsd\\Desktop\\busTicketBooking\\customer",
    "execPath": "C:\\Program Files\\nodejs\\node.exe",
    "version": "v20.9.0",
    "argv": [
      "C:\\Program Files\\nodejs\\node_modules\\ts-node\\dist\\bin.js",
      "C:\\Users\\ditsd\\Desktop\\busTicketBooking\\customer\\index.ts"
    ],
    "memoryUsage": {
      "rss": 218570752,
      "heapTotal": 175591424,
      "heapUsed": 148754376,
      "external": 5492420,
      "arrayBuffers": 2460003
    }
  },
  "os": {
    "loadavg": [
      0,
      0,
      0
    ],
    "uptime": 28500.843
  },
  "trace": [
    {
      "column": 16,
      "file": "node:net",
      "function": "Server.setupListenHandle",
      "line": 1872,
      "method": "setupListenHandle",
      "native": false
    },
    {
      "column": 23,
      "file": "C:\\Users\\ditsd\\Desktop\\busTicketBooking\\customer\\node_modules\\async-listener\\index.js",
      "function": "Server._listen2",
      "line": 97,
      "method": "_listen2",
      "native": false
    },
    {
      "column": 12,
      "file": "node:net",
      "function": "listenInCluster",
      "line": 1920,
      "method": null,
      "native": false
    },
    {
      "column": 7,
      "file": "node:net",
      "function": "Server.listen",
      "line": 2008,
      "method": "listen",
      "native": false
    },
    {
      "column": 24,
      "file": "C:\\Users\\ditsd\\Desktop\\busTicketBooking\\customer\\node_modules\\express\\lib\\application.js",
      "function": "Function.listen",
      "line": 635,
      "method": "listen",
      "native": false
    },
    {
      "column": 5,
      "file": "C:\\Users\\ditsd\\Desktop\\busTicketBooking\\customer\\index.ts",
      "function": null,
      "line": 12,
      "method": null,
      "native": false
    },
    {
      "column": 14,
      "file": "node:internal/modules/cjs/loader",
      "function": "Module._compile",
      "line": 1241,
      "method": "_compile",
      "native": false
    },
    {
      "column": 23,
      "file": "C:\\Users\\ditsd\\AppData\\Roaming\\nvm\\v20.9.0\\node_modules\\ts-node\\src\\index.ts",
      "function": "Module.m._compile",
      "line": 1618,
      "method": "_compile",
      "native": false
    },
    {
      "column": 10,
      "file": "node:internal/modules/cjs/loader",
      "function": "Module._extensions..js",
      "line": 1295,
      "method": ".js",
      "native": false
    },
    {
      "column": 12,
      "file": "C:\\Users\\ditsd\\AppData\\Roaming\\nvm\\v20.9.0\\node_modules\\ts-node\\src\\index.ts",
      "function": "Object.require.extensions.<computed> [as .ts]",
      "line": 1621,
      "method": "ts]",
      "native": false
    }
  ]
}
